#
# There is insufficient memory for the Java Runtime Environment to continue.
# Native memory allocation (mmap) failed to map 132120576 bytes for Failed to commit area from 0x0000000082800000 to 0x000000008a600000 of length 132120576.
# Possible reasons:
#   The system is out of physical RAM or swap space
#   The process is running with CompressedOops enabled, and the Java Heap may be blocking the growth of the native heap
# Possible solutions:
#   Reduce memory load on the system
#   Increase physical memory or swap space
#   Check if swap backing store is full
#   Decrease Java heap size (-Xmx/-Xms)
#   Decrease number of Java threads
#   Decrease Java thread stack sizes (-Xss)
#   Set larger code cache with -XX:ReservedCodeCacheSize=
# This output file may be truncated or incomplete.
#
#  Out of Memory Error (t:/workspace/open/src/hotspot/os/windows/os_windows.cpp:3269), pid=40800, tid=1868
#
# JRE version:  (11.0.2+9) (build )
# Java VM: Java HotSpot(TM) 64-Bit Server VM (11.0.2+9-LTS, mixed mode, aot, sharing, tiered, compressed oops, g1 gc, windows-amd64)
# No core dump will be written. Minidumps are not enabled by default on client versions of Windows
#

---------------  S U M M A R Y ------------

Command Line: main

Host: Intel(R) Core(TM) i5-8250U CPU @ 1.60GHz, 8 cores, 7G,  Windows 10 , 64 bit Build 18362 (10.0.18362.329)
Time: Sun Apr 19 16:08:19 2020 GMT Summer Time elapsed time: 0 seconds (0d 0h 0m 0s)

---------------  T H R E A D  ---------------

Current thread (0x000001ffb4178000):  JavaThread "Unknown thread" [_thread_in_vm, id=1868, stack(0x000000cb8cc00000,0x000000cb8cd00000)]

Stack: [0x000000cb8cc00000,0x000000cb8cd00000]
Native frames: (J=compiled Java code, j=interpreted, Vv=VM code, C=native code)
V  [jvm.dll+0x63574a]
V  [jvm.dll+0x77326f]
V  [jvm.dll+0x77491a]
V  [jvm.dll+0x774fd3]
V  [jvm.dll+0x25e418]
V  [jvm.dll+0x632c0a]
V  [jvm.dll+0x627645]
V  [jvm.dll+0x314e7c]
V  [jvm.dll+0x314d02]
V  [jvm.dll+0x31a576]
V  [jvm.dll+0x36635f]
V  [jvm.dll+0x365d80]
V  [jvm.dll+0x2f19f8]
V  [jvm.dll+0x2f2b56]
V  [jvm.dll+0x74c817]
V  [jvm.dll+0x74df5f]
V  [jvm.dll+0x373179]
V  [jvm.dll+0x732eb9]
V  [jvm.dll+0x3e295d]
V  [jvm.dll+0x3e4c61]
C  [java.exe+0x3607]
C  [java.exe+0x178dc]
C  [KERNEL32.DLL+0x17bd4]
C  [ntdll.dll+0x6ced1]


---------------  P R O C E S S  ---------------

Threads class SMR info:
_java_thread_list=0x000001ffb1f8c1c0, length=0, elements={
}

Java Threads: ( => current thread )

Other Threads:
  0x000001ffb418d800 GCTaskThread "GC Thread#0" [stack: 0x000000cb8cd00000,0x000000cb8ce00000] [id=53612]
  0x000001ffb41be800 ConcurrentGCThread "G1 Main Marker" [stack: 0x000000cb8ce00000,0x000000cb8cf00000] [id=55408]
  0x000001ffb41c1000 ConcurrentGCThread "G1 Conc#0" [stack: 0x000000cb8cf00000,0x000000cb8d000000] [id=30736]

[error occurred during error reporting (printing all threads), id 0xc0000005, EXCEPTION_ACCESS_VIOLATION (0xc0000005) at pc=0x00007ffce9d70197]

VM state:not at safepoint (not fully initialized)

VM Mutex/Monitor currently owned by a thread:  ([mutex/lock_event])
[0x000001ffb4175010] Heap_lock - owner thread: 0x000001ffb4178000

Heap address: 0x0000000082800000, size: 2008 MB, Compressed Oops mode: Non-zero based: 0x0000000082800000
Narrow klass base: 0x0000000000000000, Narrow klass shift: 0

GC Heap History (0 events):
No events

Deoptimization events (0 events):
No events

Classes redefined (0 events):
No events

Internal exceptions (0 events):
No events

Events (0 events):
No events


Dynamic libraries:
0x00007ff6a65d0000 - 0x00007ff6a6617000 	C:\Program Files\Java\jdk-11.0.2\bin\java.exe
0x00007ffd6fe00000 - 0x00007ffd6fff0000 	C:\WINDOWS\SYSTEM32\ntdll.dll
0x00007ffd6f360000 - 0x00007ffd6f412000 	C:\WINDOWS\System32\KERNEL32.DLL
0x00007ffd6cf80000 - 0x00007ffd6d223000 	C:\WINDOWS\System32\KERNELBASE.dll
0x00007ffd6f480000 - 0x00007ffd6f523000 	C:\WINDOWS\System32\ADVAPI32.dll
0x00007ffd6eb80000 - 0x00007ffd6ec1e000 	C:\WINDOWS\System32\msvcrt.dll
0x00007ffd6f2c0000 - 0x00007ffd6f357000 	C:\WINDOWS\System32\sechost.dll
0x00007ffd6ece0000 - 0x00007ffd6ee00000 	C:\WINDOWS\System32\RPCRT4.dll
0x00007ffd6f530000 - 0x00007ffd6f6c4000 	C:\WINDOWS\System32\USER32.dll
0x00007ffd6dac0000 - 0x00007ffd6dae1000 	C:\WINDOWS\System32\win32u.dll
0x00007ffd6f850000 - 0x00007ffd6f876000 	C:\WINDOWS\System32\GDI32.dll
0x00007ffd6cde0000 - 0x00007ffd6cf74000 	C:\WINDOWS\System32\gdi32full.dll
0x00007ffd6daf0000 - 0x00007ffd6db8e000 	C:\WINDOWS\System32\msvcp_win.dll
0x00007ffd6ddb0000 - 0x00007ffd6deaa000 	C:\WINDOWS\System32\ucrtbase.dll
0x00007ffd5ffc0000 - 0x00007ffd60245000 	C:\WINDOWS\WinSxS\amd64_microsoft.windows.common-controls_6595b64144ccf1df_6.0.18362.720_none_e6beb5c51314836b\COMCTL32.dll
0x00007ffd644b0000 - 0x00007ffd644ba000 	C:\WINDOWS\SYSTEM32\VERSION.dll
0x00007ffd6ee00000 - 0x00007ffd6f136000 	C:\WINDOWS\System32\combase.dll
0x00007ffd6db90000 - 0x00007ffd6dc10000 	C:\WINDOWS\System32\bcryptPrimitives.dll
0x00007ffd6deb0000 - 0x00007ffd6dede000 	C:\WINDOWS\System32\IMM32.DLL
0x00007ffd63fc0000 - 0x00007ffd63fd6000 	C:\Program Files\Java\jdk-11.0.2\bin\vcruntime140.dll
0x00007ffd32f20000 - 0x00007ffd32fca000 	C:\Program Files\Java\jdk-11.0.2\bin\msvcp140.dll
0x00007ffce9a70000 - 0x00007ffcea597000 	C:\Program Files\Java\jdk-11.0.2\bin\server\jvm.dll
0x00007ffd6ecd0000 - 0x00007ffd6ecd8000 	C:\WINDOWS\System32\PSAPI.DLL
0x00007ffd60500000 - 0x00007ffd60524000 	C:\WINDOWS\SYSTEM32\WINMM.dll
0x00007ffd608f0000 - 0x00007ffd608f9000 	C:\WINDOWS\SYSTEM32\WSOCK32.dll
0x00007ffd6f150000 - 0x00007ffd6f1bf000 	C:\WINDOWS\System32\WS2_32.dll
0x00007ffd604d0000 - 0x00007ffd604fd000 	C:\WINDOWS\SYSTEM32\winmmbase.dll
0x00007ffd6cd90000 - 0x00007ffd6cdda000 	C:\WINDOWS\System32\cfgmgr32.dll
0x00007ffd6ccd0000 - 0x00007ffd6cce1000 	C:\WINDOWS\System32\kernel.appcore.dll
0x00007ffd5e6c0000 - 0x00007ffd5e6d1000 	C:\Program Files\Java\jdk-11.0.2\bin\verify.dll
0x00007ffd6b5d0000 - 0x00007ffd6b7c4000 	C:\WINDOWS\SYSTEM32\DBGHELP.DLL
0x00007ffd64830000 - 0x00007ffd6485a000 	C:\WINDOWS\SYSTEM32\dbgcore.DLL
0x00007ffd5ab90000 - 0x00007ffd5abb9000 	C:\Program Files\Java\jdk-11.0.2\bin\java.dll
0x00007ffd5d140000 - 0x00007ffd5d156000 	C:\Program Files\Java\jdk-11.0.2\bin\zip.dll
0x00007ffd67b00000 - 0x00007ffd67b0a000 	C:\Program Files\Java\jdk-11.0.2\bin\jimage.dll

dbghelp: loaded successfully - version: 4.0.5 - missing functions: none
symbol engine: initialized successfully - sym options: 0x614 - pdb path: .;C:\Program Files\Java\jdk-11.0.2\bin;C:\WINDOWS\SYSTEM32;C:\WINDOWS\WinSxS\amd64_microsoft.windows.common-controls_6595b64144ccf1df_6.0.18362.720_none_e6beb5c51314836b;C:\Program Files\Java\jdk-11.0.2\bin\server

VM Arguments:
java_command: main
java_class_path (initial): C:\Users\Nirma Sajid\Desktop\GUI project\GUI.DB.assignment\target\classes
Launcher Type: SUN_STANDARD

[Global flags]
     intx CICompilerCount                          = 4                                         {product} {ergonomic}
     uint ConcGCThreads                            = 2                                         {product} {ergonomic}
     uint G1ConcRefinementThreads                  = 8                                         {product} {ergonomic}
   size_t G1HeapRegionSize                         = 1048576                                   {product} {ergonomic}
    uintx GCDrainStackTargetSize                   = 64                                        {product} {ergonomic}
   size_t InitialHeapSize                          = 132120576                                 {product} {ergonomic}
   size_t MarkStackSize                            = 4194304                                   {product} {ergonomic}
   size_t MaxHeapSize                              = 2105540608                                {product} {ergonomic}
   size_t MinHeapDeltaBytes                        = 1048576                                   {product} {ergonomic}
    uintx NonNMethodCodeHeapSize                   = 5835340                                {pd product} {ergonomic}
    uintx NonProfiledCodeHeapSize                  = 122911450                              {pd product} {ergonomic}
    uintx ProfiledCodeHeapSize                     = 122911450                              {pd product} {ergonomic}
    uintx ReservedCodeCacheSize                    = 251658240                              {pd product} {ergonomic}
     bool SegmentedCodeCache                       = true                                      {product} {ergonomic}
     bool UseCompressedClassPointers               = true                                 {lp64_product} {ergonomic}
     bool UseCompressedOops                        = true                                 {lp64_product} {ergonomic}
     bool UseG1GC                                  = true                                      {product} {ergonomic}
     bool UseLargePagesIndividualAllocation        = false                                  {pd product} {ergonomic}

Logging:
Log output configuration:
 #0: stdout all=warning uptime,level,tags
 #1: stderr all=off uptime,level,tags

Environment Variables:
JAVA_HOME=C:\Program Files\Java\jdk-11.0.2
PATH=C:\Program Files\Java\jdk-11.0.2\bin;C:\WINDOWS\system32;C:\WINDOWS;C:\WINDOWS\System32\Wbem;C:\WINDOWS\System32\WindowsPowerShell\v1.0\;C:\WINDOWS\System32\OpenSSH\;C:\Users\Nirma Sajid\AppData\Local\Microsoft\WindowsApps
USERNAME=Nimra Sajid
OS=Windows_NT
PROCESSOR_IDENTIFIER=Intel64 Family 6 Model 142 Stepping 10, GenuineIntel



---------------  S Y S T E M  ---------------

OS: Windows 10 , 64 bit Build 18362 (10.0.18362.329)

CPU:total 8 (initial active 8) (4 cores per cpu, 2 threads per core) family 6 model 142 stepping 10, cmov, cx8, fxsr, mmx, sse, sse2, sse3, ssse3, sse4.1, sse4.2, popcnt, avx, avx2, aes, clmul, erms, 3dnowpref, lzcnt, ht, tsc, tscinvbit, bmi1, bmi2, adx, fma

Memory: 4k page, system-wide physical 8026M (156M free)
TotalPageFile size 32602M (AvailPageFile size 45M)
current process WorkingSet (physical memory assigned to process): 9M, peak: 9M
current process commit charge ("private bytes"): 60M, peak: 186M

vm_info: Java HotSpot(TM) 64-Bit Server VM (11.0.2+9-LTS) for windows-amd64 JRE (11.0.2+9-LTS), built on Jan 18 2019 05:24:10 by "mach5one" with MS VC++ 15.5 (VS2017)

END.
