#
# There is insufficient memory for the Java Runtime Environment to continue.
# Native memory allocation (malloc) failed to allocate 1048576 bytes for AllocateHeap
# Possible reasons:
#   The system is out of physical RAM or swap space
#   The process is running with CompressedOops enabled, and the Java Heap may be blocking the growth of the native heap
# Possible solutions:
#   Reduce memory load on the system
#   Increase physical memory or swap space
#   Check if swap backing store is full
#   Decrease Java heap size (-Xmx/-Xms)
#   Decrease number of Java threads
#   Decrease Java thread stack sizes (-Xss)
#   Set larger code cache with -XX:ReservedCodeCacheSize=
#   JVM is running with Unscaled Compressed Oops mode in which the Java heap is
#     placed in the first 4GB address space. The Java Heap base address is the
#     maximum limit for the native heap growth. Please use -XX:HeapBaseMinAddress
#     to set the Java Heap base and to place the Java Heap above 4GB virtual address.
# This output file may be truncated or incomplete.
#
#  Out of Memory Error (t:/workspace/open/src/hotspot/share/memory/allocation.cpp:46), pid=12488, tid=36184
#
# JRE version: Java(TM) SE Runtime Environment (11.0.2+9) (build 11.0.2+9-LTS)
# Java VM: Java HotSpot(TM) 64-Bit Server VM (11.0.2+9-LTS, mixed mode, tiered, compressed oops, g1 gc, windows-amd64)
# No core dump will be written. Minidumps are not enabled by default on client versions of Windows
#

---------------  S U M M A R Y ------------

Command Line: -Dclassworlds.conf=C:\Program Files\NetBeans-11.1\netbeans\java\maven\bin\m2.conf -Dmaven.home=C:\Program Files\NetBeans-11.1\netbeans\java\maven -Dmaven.multiModuleProjectDirectory=C:\Users\Nirma Sajid\Desktop\GUI project\GUI.DB.assignment org.codehaus.plexus.classworlds.launcher.Launcher -Dexec.args=-classpath %classpath main -Dexec.executable=C:\Program Files\Java\jdk-11.0.2\bin\java.exe -Dmaven.ext.class.path=C:\Program Files\NetBeans-11.1\netbeans\java\maven-nblib\netbeans-eventspy.jar -Dfile.encoding=UTF-8 org.codehaus.mojo:exec-maven-plugin:1.5.0:exec

Host: Intel(R) Core(TM) i5-8250U CPU @ 1.60GHz, 8 cores, 7G,  Windows 10 , 64 bit Build 18362 (10.0.18362.329)
Time: Sun Apr 19 16:08:21 2020 GMT Summer Time elapsed time: 7 seconds (0d 0h 0m 7s)

---------------  T H R E A D  ---------------

Current thread (0x00000185bd4b0000):  VMThread "VM Thread" [stack: 0x00000050fdc00000,0x00000050fdd00000] [id=36184]

Stack: [0x00000050fdc00000,0x00000050fdd00000]
[error occurred during error reporting (printing stack bounds), id 0xc0000005, EXCEPTION_ACCESS_VIOLATION (0xc0000005) at pc=0x00000185a6cc0bad]

Native frames: (J=compiled Java code, j=interpreted, Vv=VM code, C=native code)
V  [jvm.dll+0x63574a]
V  [jvm.dll+0x77326f]
V  [jvm.dll+0x77491a]
V  [jvm.dll+0x774f35]
V  [jvm.dll+0x774eeb]
V  [jvm.dll+0x634e56]
V  [jvm.dll+0x635218]
C  [ntdll.dll+0xa121f]
C  [ntdll.dll+0x6a289]
C  [ntdll.dll+0x9fe8e]
C  0x00000185a6cc0bad

VM_Operation (0x00000050fd6fdf50): G1CollectFull, mode: safepoint, requested by thread 0x000001859e998000


---------------  P R O C E S S  ---------------

Threads class SMR info:
_java_thread_list=0x00000185c03dc370, length=10, elements={
0x000001859e998000, 0x00000185bd4d2800, 0x00000185bd4db800, 0x00000185bd4ed000,
0x00000185bd4ef000, 0x00000185bd4f1000, 0x00000185bd4fc800, 0x00000185bde4a000,
0x00000185bdfcc800, 0x00000185bdfd3800
}

Java Threads: ( => current thread )
  0x000001859e998000 JavaThread "main" [_thread_blocked, id=55732, stack(0x00000050fd600000,0x00000050fd700000)]
  0x00000185bd4d2800 JavaThread "Reference Handler" daemon [_thread_blocked, id=14260, stack(0x00000050fdd00000,0x00000050fde00000)]
  0x00000185bd4db800 JavaThread "Finalizer" daemon [_thread_blocked, id=55536, stack(0x00000050fde00000,0x00000050fdf00000)]
  0x00000185bd4ed000 JavaThread "Signal Dispatcher" daemon [_thread_blocked, id=34124, stack(0x00000050fdf00000,0x00000050fe000000)]
  0x00000185bd4ef000 JavaThread "Attach Listener" daemon [_thread_blocked, id=57596, stack(0x00000050fe000000,0x00000050fe100000)]
  0x00000185bd4f1000 JavaThread "C2 CompilerThread0" daemon [_thread_blocked, id=55904, stack(0x00000050fe100000,0x00000050fe200000)]
  0x00000185bd4fc800 JavaThread "C1 CompilerThread0" daemon [_thread_blocked, id=24640, stack(0x00000050fe200000,0x00000050fe300000)]
  0x00000185bde4a000 JavaThread "Sweeper thread" daemon [_thread_blocked, id=10388, stack(0x00000050fe300000,0x00000050fe400000)]
  0x00000185bdfcc800 JavaThread "Service Thread" daemon [_thread_blocked, id=58252, stack(0x00000050fe400000,0x00000050fe500000)]
  0x00000185bdfd3800 JavaThread "Common-Cleaner" daemon [_thread_blocked, id=18684, stack(0x00000050fe600000,0x00000050fe700000)]

Other Threads:
=>0x00000185bd4b0000 VMThread "VM Thread" [stack: 0x00000050fdc00000,0x00000050fdd00000] [id=36184]
  0x00000185bdfd3000 WatcherThread [stack: 0x00000050fe500000,0x00000050fe600000] [id=34992]
  0x000001859e9aa800 GCTaskThread "GC Thread#0" [stack: 0x00000050fd700000,0x00000050fd800000] [id=8832]
  0x00000185bf82f800 GCTaskThread "GC Thread#1" [stack: 0x00000050fe900000,0x00000050fea00000] [id=57588]
  0x00000185bee38800 GCTaskThread "GC Thread#2" [stack: 0x00000050fea00000,0x00000050feb00000] [id=59080]
  0x000001859e9dc000 ConcurrentGCThread "G1 Main Marker" [stack: 0x00000050fd800000,0x00000050fd900000] [id=48476]
  0x000001859e9de800 ConcurrentGCThread "G1 Conc#0" [stack: 0x00000050fd900000,0x00000050fda00000] [id=43556]
  0x00000185c0197000 ConcurrentGCThread "G1 Conc#1" [stack: 0x00000050feb00000,0x00000050fec00000] [id=59320]
  0x00000185bd314800 ConcurrentGCThread "G1 Refine#0" [stack: 0x00000050fda00000,0x00000050fdb00000] [id=40752]
  0x000001859ea6e800 ConcurrentGCThread "G1 Young RemSet Sampling" [stack: 0x00000050fdb00000,0x00000050fdc00000] [id=51420]

Threads with active compile tasks:
C1 CompilerThread02914       3       org.netbeans.modules.maven.event.NbEventSpy::onEvent (1102 bytes)

VM state:at safepoint (normal execution)

VM Mutex/Monitor currently owned by a thread:  ([mutex/lock_event])
[0x000001859e997410] Threads_lock - owner thread: 0x00000185bd4b0000
[0x000001859e997ad0] Heap_lock - owner thread: 0x000001859e998000

Heap address: 0x0000000082800000, size: 2008 MB, Compressed Oops mode: 32-bit
Narrow klass base: 0x0000000000000000, Narrow klass shift: 3
Compressed class space size: 1073741824 Address: 0x0000000100000000

Heap:
 garbage-first heap   total 129024K, used 9598K [0x0000000082800000, 0x0000000100000000)
  region size 1024K, 11 young (11264K), 8 survivors (8192K)
 Metaspace       used 21110K, capacity 21544K, committed 21808K, reserved 1069056K
  class space    used 2286K, capacity 2401K, committed 2432K, reserved 1048576K
Heap Regions: E=young(eden), S=young(survivor), O=old, HS=humongous(starts), HC=humongous(continues), CS=collection set, F=free, A=archive, TAMS=top-at-mark-start (previous, next)
|   0|0x0000000082800000, 0x000000008283aa00, 0x0000000082900000| 22%| O|  |TAMS 0x000000008283aa00, 0x0000000082800000| Untracked 
|   1|0x0000000082900000, 0x0000000082900000, 0x0000000082a00000|  0%| F|  |TAMS 0x0000000082900000, 0x0000000082900000| Untracked 
|   2|0x0000000082a00000, 0x0000000082a00000, 0x0000000082b00000|  0%| F|  |TAMS 0x0000000082a00000, 0x0000000082a00000| Untracked 
|   3|0x0000000082b00000, 0x0000000082b00000, 0x0000000082c00000|  0%| F|  |TAMS 0x0000000082b00000, 0x0000000082b00000| Untracked 
|   4|0x0000000082c00000, 0x0000000082c00000, 0x0000000082d00000|  0%| F|  |TAMS 0x0000000082c00000, 0x0000000082c00000| Untracked 
|   5|0x0000000082d00000, 0x0000000082d00000, 0x0000000082e00000|  0%| F|  |TAMS 0x0000000082d00000, 0x0000000082d00000| Untracked 
|   6|0x0000000082e00000, 0x0000000082e00000, 0x0000000082f00000|  0%| F|  |TAMS 0x0000000082e00000, 0x0000000082e00000| Untracked 
|   7|0x0000000082f00000, 0x0000000082f00000, 0x0000000083000000|  0%| F|  |TAMS 0x0000000082f00000, 0x0000000082f00000| Untracked 
|   8|0x0000000083000000, 0x0000000083000000, 0x0000000083100000|  0%| F|  |TAMS 0x0000000083000000, 0x0000000083000000| Untracked 
|   9|0x0000000083100000, 0x0000000083100000, 0x0000000083200000|  0%| F|  |TAMS 0x0000000083100000, 0x0000000083100000| Untracked 
|  10|0x0000000083200000, 0x0000000083200000, 0x0000000083300000|  0%| F|  |TAMS 0x0000000083200000, 0x0000000083200000| Untracked 
|  11|0x0000000083300000, 0x0000000083300000, 0x0000000083400000|  0%| F|  |TAMS 0x0000000083300000, 0x0000000083300000| Untracked 
|  12|0x0000000083400000, 0x0000000083400000, 0x0000000083500000|  0%| F|  |TAMS 0x0000000083400000, 0x0000000083400000| Untracked 
|  13|0x0000000083500000, 0x0000000083500000, 0x0000000083600000|  0%| F|  |TAMS 0x0000000083500000, 0x0000000083500000| Untracked 
|  14|0x0000000083600000, 0x0000000083600000, 0x0000000083700000|  0%| F|  |TAMS 0x0000000083600000, 0x0000000083600000| Untracked 
|  15|0x0000000083700000, 0x0000000083700000, 0x0000000083800000|  0%| F|  |TAMS 0x0000000083700000, 0x0000000083700000| Untracked 
|  16|0x0000000083800000, 0x0000000083800000, 0x0000000083900000|  0%| F|  |TAMS 0x0000000083800000, 0x0000000083800000| Untracked 
|  17|0x0000000083900000, 0x0000000083900000, 0x0000000083a00000|  0%| F|  |TAMS 0x0000000083900000, 0x0000000083900000| Untracked 
|  18|0x0000000083a00000, 0x0000000083a00000, 0x0000000083b00000|  0%| F|  |TAMS 0x0000000083a00000, 0x0000000083a00000| Untracked 
|  19|0x0000000083b00000, 0x0000000083b00000, 0x0000000083c00000|  0%| F|  |TAMS 0x0000000083b00000, 0x0000000083b00000| Untracked 
|  20|0x0000000083c00000, 0x0000000083c00000, 0x0000000083d00000|  0%| F|  |TAMS 0x0000000083c00000, 0x0000000083c00000| Untracked 
|  21|0x0000000083d00000, 0x0000000083d00000, 0x0000000083e00000|  0%| F|  |TAMS 0x0000000083d00000, 0x0000000083d00000| Untracked 
|  22|0x0000000083e00000, 0x0000000083e00000, 0x0000000083f00000|  0%| F|  |TAMS 0x0000000083e00000, 0x0000000083e00000| Untracked 
|  23|0x0000000083f00000, 0x0000000083f00000, 0x0000000084000000|  0%| F|  |TAMS 0x0000000083f00000, 0x0000000083f00000| Untracked 
|  24|0x0000000084000000, 0x0000000084000000, 0x0000000084100000|  0%| F|  |TAMS 0x0000000084000000, 0x0000000084000000| Untracked 
|  25|0x0000000084100000, 0x0000000084100000, 0x0000000084200000|  0%| F|  |TAMS 0x0000000084100000, 0x0000000084100000| Untracked 
|  26|0x0000000084200000, 0x0000000084200000, 0x0000000084300000|  0%| F|  |TAMS 0x0000000084200000, 0x0000000084200000| Untracked 
|  27|0x0000000084300000, 0x0000000084300000, 0x0000000084400000|  0%| F|  |TAMS 0x0000000084300000, 0x0000000084300000| Untracked 
|  28|0x0000000084400000, 0x0000000084400000, 0x0000000084500000|  0%| F|  |TAMS 0x0000000084400000, 0x0000000084400000| Untracked 
|  29|0x0000000084500000, 0x0000000084500000, 0x0000000084600000|  0%| F|  |TAMS 0x0000000084500000, 0x0000000084500000| Untracked 
|  30|0x0000000084600000, 0x0000000084600000, 0x0000000084700000|  0%| F|  |TAMS 0x0000000084600000, 0x0000000084600000| Untracked 
|  31|0x0000000084700000, 0x0000000084700000, 0x0000000084800000|  0%| F|  |TAMS 0x0000000084700000, 0x0000000084700000| Untracked 
|  32|0x0000000084800000, 0x0000000084800000, 0x0000000084900000|  0%| F|  |TAMS 0x0000000084800000, 0x0000000084800000| Untracked 
|  33|0x0000000084900000, 0x0000000084900000, 0x0000000084a00000|  0%| F|  |TAMS 0x0000000084900000, 0x0000000084900000| Untracked 
|  34|0x0000000084a00000, 0x0000000084a00000, 0x0000000084b00000|  0%| F|  |TAMS 0x0000000084a00000, 0x0000000084a00000| Untracked 
|  35|0x0000000084b00000, 0x0000000084b00000, 0x0000000084c00000|  0%| F|  |TAMS 0x0000000084b00000, 0x0000000084b00000| Untracked 
|  36|0x0000000084c00000, 0x0000000084c00000, 0x0000000084d00000|  0%| F|  |TAMS 0x0000000084c00000, 0x0000000084c00000| Untracked 
|  37|0x0000000084d00000, 0x0000000084d00000, 0x0000000084e00000|  0%| F|  |TAMS 0x0000000084d00000, 0x0000000084d00000| Untracked 
|  38|0x0000000084e00000, 0x0000000084e00000, 0x0000000084f00000|  0%| F|  |TAMS 0x0000000084e00000, 0x0000000084e00000| Untracked 
|  39|0x0000000084f00000, 0x0000000084f00000, 0x0000000085000000|  0%| F|  |TAMS 0x0000000084f00000, 0x0000000084f00000| Untracked 
|  40|0x0000000085000000, 0x0000000085000000, 0x0000000085100000|  0%| F|  |TAMS 0x0000000085000000, 0x0000000085000000| Untracked 
|  41|0x0000000085100000, 0x0000000085100000, 0x0000000085200000|  0%| F|  |TAMS 0x0000000085100000, 0x0000000085100000| Untracked 
|  42|0x0000000085200000, 0x0000000085200000, 0x0000000085300000|  0%| F|  |TAMS 0x0000000085200000, 0x0000000085200000| Untracked 
|  43|0x0000000085300000, 0x0000000085324ff8, 0x0000000085400000| 14%| S|CS|TAMS 0x0000000085300000, 0x0000000085300000| Complete 
|  44|0x0000000085400000, 0x0000000085500000, 0x0000000085500000|100%| S|CS|TAMS 0x0000000085400000, 0x0000000085400000| Complete 
|  45|0x0000000085500000, 0x0000000085600000, 0x0000000085600000|100%| S|CS|TAMS 0x0000000085500000, 0x0000000085500000| Complete 
|  46|0x0000000085600000, 0x0000000085700000, 0x0000000085700000|100%| S|CS|TAMS 0x0000000085600000, 0x0000000085600000| Complete 
|  47|0x0000000085700000, 0x0000000085800000, 0x0000000085800000|100%| S|CS|TAMS 0x0000000085700000, 0x0000000085700000| Complete 
|  48|0x0000000085800000, 0x0000000085900000, 0x0000000085900000|100%| S|CS|TAMS 0x0000000085800000, 0x0000000085800000| Complete 
|  49|0x0000000085900000, 0x0000000085a00000, 0x0000000085a00000|100%| S|CS|TAMS 0x0000000085900000, 0x0000000085900000| Complete 
|  50|0x0000000085a00000, 0x0000000085b00000, 0x0000000085b00000|100%| S|CS|TAMS 0x0000000085a00000, 0x0000000085a00000| Complete 
|  51|0x0000000085b00000, 0x0000000085b00000, 0x0000000085c00000|  0%| F|  |TAMS 0x0000000085b00000, 0x0000000085b00000| Untracked 
|  52|0x0000000085c00000, 0x0000000085c00000, 0x0000000085d00000|  0%| F|  |TAMS 0x0000000085c00000, 0x0000000085c00000| Untracked 
|  53|0x0000000085d00000, 0x0000000085d00000, 0x0000000085e00000|  0%| F|  |TAMS 0x0000000085d00000, 0x0000000085d00000| Untracked 
|  54|0x0000000085e00000, 0x0000000085e00000, 0x0000000085f00000|  0%| F|  |TAMS 0x0000000085e00000, 0x0000000085e00000| Untracked 
|  55|0x0000000085f00000, 0x0000000085f00000, 0x0000000086000000|  0%| F|  |TAMS 0x0000000085f00000, 0x0000000085f00000| Untracked 
|  56|0x0000000086000000, 0x0000000086000000, 0x0000000086100000|  0%| F|  |TAMS 0x0000000086000000, 0x0000000086000000| Untracked 
|  57|0x0000000086100000, 0x0000000086100000, 0x0000000086200000|  0%| F|  |TAMS 0x0000000086100000, 0x0000000086100000| Untracked 
|  58|0x0000000086200000, 0x0000000086200000, 0x0000000086300000|  0%| F|  |TAMS 0x0000000086200000, 0x0000000086200000| Untracked 
|  59|0x0000000086300000, 0x0000000086300000, 0x0000000086400000|  0%| F|  |TAMS 0x0000000086300000, 0x0000000086300000| Untracked 
|  60|0x0000000086400000, 0x0000000086400000, 0x0000000086500000|  0%| F|  |TAMS 0x0000000086400000, 0x0000000086400000| Untracked 
|  61|0x0000000086500000, 0x0000000086500000, 0x0000000086600000|  0%| F|  |TAMS 0x0000000086500000, 0x0000000086500000| Untracked 
|  62|0x0000000086600000, 0x0000000086600000, 0x0000000086700000|  0%| F|  |TAMS 0x0000000086600000, 0x0000000086600000| Untracked 
|  63|0x0000000086700000, 0x0000000086700000, 0x0000000086800000|  0%| F|  |TAMS 0x0000000086700000, 0x0000000086700000| Untracked 
|  64|0x0000000086800000, 0x0000000086800000, 0x0000000086900000|  0%| F|  |TAMS 0x0000000086800000, 0x0000000086800000| Untracked 
|  65|0x0000000086900000, 0x0000000086900000, 0x0000000086a00000|  0%| F|  |TAMS 0x0000000086900000, 0x0000000086900000| Untracked 
|  66|0x0000000086a00000, 0x0000000086a00000, 0x0000000086b00000|  0%| F|  |TAMS 0x0000000086a00000, 0x0000000086a00000| Untracked 
|  67|0x0000000086b00000, 0x0000000086b00000, 0x0000000086c00000|  0%| F|  |TAMS 0x0000000086b00000, 0x0000000086b00000| Untracked 
|  68|0x0000000086c00000, 0x0000000086c00000, 0x0000000086d00000|  0%| F|  |TAMS 0x0000000086c00000, 0x0000000086c00000| Untracked 
|  69|0x0000000086d00000, 0x0000000086d00000, 0x0000000086e00000|  0%| F|  |TAMS 0x0000000086d00000, 0x0000000086d00000| Untracked 
|  70|0x0000000086e00000, 0x0000000086e00000, 0x0000000086f00000|  0%| F|  |TAMS 0x0000000086e00000, 0x0000000086e00000| Untracked 
|  71|0x0000000086f00000, 0x0000000086f00000, 0x0000000087000000|  0%| F|  |TAMS 0x0000000086f00000, 0x0000000086f00000| Untracked 
|  72|0x0000000087000000, 0x0000000087000000, 0x0000000087100000|  0%| F|  |TAMS 0x0000000087000000, 0x0000000087000000| Untracked 
|  73|0x0000000087100000, 0x0000000087100000, 0x0000000087200000|  0%| F|  |TAMS 0x0000000087100000, 0x0000000087100000| Untracked 
|  74|0x0000000087200000, 0x0000000087200000, 0x0000000087300000|  0%| F|  |TAMS 0x0000000087200000, 0x0000000087200000| Untracked 
|  75|0x0000000087300000, 0x0000000087300000, 0x0000000087400000|  0%| F|  |TAMS 0x0000000087300000, 0x0000000087300000| Untracked 
|  76|0x0000000087400000, 0x0000000087400000, 0x0000000087500000|  0%| F|  |TAMS 0x0000000087400000, 0x0000000087400000| Untracked 
|  77|0x0000000087500000, 0x0000000087500000, 0x0000000087600000|  0%| F|  |TAMS 0x0000000087500000, 0x0000000087500000| Untracked 
|  78|0x0000000087600000, 0x0000000087600000, 0x0000000087700000|  0%| F|  |TAMS 0x0000000087600000, 0x0000000087600000| Untracked 
|  79|0x0000000087700000, 0x0000000087700000, 0x0000000087800000|  0%| F|  |TAMS 0x0000000087700000, 0x0000000087700000| Untracked 
|  80|0x0000000087800000, 0x0000000087800000, 0x0000000087900000|  0%| F|  |TAMS 0x0000000087800000, 0x0000000087800000| Untracked 
|  81|0x0000000087900000, 0x0000000087900000, 0x0000000087a00000|  0%| F|  |TAMS 0x0000000087900000, 0x0000000087900000| Untracked 
|  82|0x0000000087a00000, 0x0000000087a00000, 0x0000000087b00000|  0%| F|  |TAMS 0x0000000087a00000, 0x0000000087a00000| Untracked 
|  83|0x0000000087b00000, 0x0000000087b00000, 0x0000000087c00000|  0%| F|  |TAMS 0x0000000087b00000, 0x0000000087b00000| Untracked 
|  84|0x0000000087c00000, 0x0000000087c00000, 0x0000000087d00000|  0%| F|  |TAMS 0x0000000087c00000, 0x0000000087c00000| Untracked 
|  85|0x0000000087d00000, 0x0000000087d00000, 0x0000000087e00000|  0%| F|  |TAMS 0x0000000087d00000, 0x0000000087d00000| Untracked 
|  86|0x0000000087e00000, 0x0000000087e00000, 0x0000000087f00000|  0%| F|  |TAMS 0x0000000087e00000, 0x0000000087e00000| Untracked 
|  87|0x0000000087f00000, 0x0000000087f00000, 0x0000000088000000|  0%| F|  |TAMS 0x0000000087f00000, 0x0000000087f00000| Untracked 
|  88|0x0000000088000000, 0x0000000088000000, 0x0000000088100000|  0%| F|  |TAMS 0x0000000088000000, 0x0000000088000000| Untracked 
|  89|0x0000000088100000, 0x0000000088100000, 0x0000000088200000|  0%| F|  |TAMS 0x0000000088100000, 0x0000000088100000| Untracked 
|  90|0x0000000088200000, 0x0000000088200000, 0x0000000088300000|  0%| F|  |TAMS 0x0000000088200000, 0x0000000088200000| Untracked 
|  91|0x0000000088300000, 0x0000000088300000, 0x0000000088400000|  0%| F|  |TAMS 0x0000000088300000, 0x0000000088300000| Untracked 
|  92|0x0000000088400000, 0x0000000088400000, 0x0000000088500000|  0%| F|  |TAMS 0x0000000088400000, 0x0000000088400000| Untracked 
|  93|0x0000000088500000, 0x0000000088500000, 0x0000000088600000|  0%| F|  |TAMS 0x0000000088500000, 0x0000000088500000| Untracked 
|  94|0x0000000088600000, 0x0000000088600000, 0x0000000088700000|  0%| F|  |TAMS 0x0000000088600000, 0x0000000088600000| Untracked 
|  95|0x0000000088700000, 0x0000000088700000, 0x0000000088800000|  0%| F|  |TAMS 0x0000000088700000, 0x0000000088700000| Untracked 
|  96|0x0000000088800000, 0x0000000088800000, 0x0000000088900000|  0%| F|  |TAMS 0x0000000088800000, 0x0000000088800000| Untracked 
|  97|0x0000000088900000, 0x0000000088900000, 0x0000000088a00000|  0%| F|  |TAMS 0x0000000088900000, 0x0000000088900000| Untracked 
|  98|0x0000000088a00000, 0x0000000088a00000, 0x0000000088b00000|  0%| F|  |TAMS 0x0000000088a00000, 0x0000000088a00000| Untracked 
|  99|0x0000000088b00000, 0x0000000088b00000, 0x0000000088c00000|  0%| F|  |TAMS 0x0000000088b00000, 0x0000000088b00000| Untracked 
| 100|0x0000000088c00000, 0x0000000088c00000, 0x0000000088d00000|  0%| F|  |TAMS 0x0000000088c00000, 0x0000000088c00000| Untracked 
| 101|0x0000000088d00000, 0x0000000088d00000, 0x0000000088e00000|  0%| F|  |TAMS 0x0000000088d00000, 0x0000000088d00000| Untracked 
| 102|0x0000000088e00000, 0x0000000088e00000, 0x0000000088f00000|  0%| F|  |TAMS 0x0000000088e00000, 0x0000000088e00000| Untracked 
| 103|0x0000000088f00000, 0x0000000088f00000, 0x0000000089000000|  0%| F|  |TAMS 0x0000000088f00000, 0x0000000088f00000| Untracked 
| 104|0x0000000089000000, 0x0000000089000000, 0x0000000089100000|  0%| F|  |TAMS 0x0000000089000000, 0x0000000089000000| Untracked 
| 105|0x0000000089100000, 0x0000000089100000, 0x0000000089200000|  0%| F|  |TAMS 0x0000000089100000, 0x0000000089100000| Untracked 
| 106|0x0000000089200000, 0x0000000089200000, 0x0000000089300000|  0%| F|  |TAMS 0x0000000089200000, 0x0000000089200000| Untracked 
| 107|0x0000000089300000, 0x0000000089300000, 0x0000000089400000|  0%| F|  |TAMS 0x0000000089300000, 0x0000000089300000| Untracked 
| 108|0x0000000089400000, 0x0000000089400000, 0x0000000089500000|  0%| F|  |TAMS 0x0000000089400000, 0x0000000089400000| Untracked 
| 109|0x0000000089500000, 0x0000000089500000, 0x0000000089600000|  0%| F|  |TAMS 0x0000000089500000, 0x0000000089500000| Untracked 
| 110|0x0000000089600000, 0x0000000089600000, 0x0000000089700000|  0%| F|  |TAMS 0x0000000089600000, 0x0000000089600000| Untracked 
| 111|0x0000000089700000, 0x0000000089700000, 0x0000000089800000|  0%| F|  |TAMS 0x0000000089700000, 0x0000000089700000| Untracked 
| 112|0x0000000089800000, 0x0000000089800000, 0x0000000089900000|  0%| F|  |TAMS 0x0000000089800000, 0x0000000089800000| Untracked 
| 113|0x0000000089900000, 0x0000000089900000, 0x0000000089a00000|  0%| F|  |TAMS 0x0000000089900000, 0x0000000089900000| Untracked 
| 114|0x0000000089a00000, 0x0000000089a00000, 0x0000000089b00000|  0%| F|  |TAMS 0x0000000089a00000, 0x0000000089a00000| Untracked 
| 115|0x0000000089b00000, 0x0000000089b00000, 0x0000000089c00000|  0%| F|  |TAMS 0x0000000089b00000, 0x0000000089b00000| Untracked 
| 116|0x0000000089c00000, 0x0000000089c00000, 0x0000000089d00000|  0%| F|  |TAMS 0x0000000089c00000, 0x0000000089c00000| Untracked 
| 117|0x0000000089d00000, 0x0000000089d00000, 0x0000000089e00000|  0%| F|  |TAMS 0x0000000089d00000, 0x0000000089d00000| Untracked 
| 118|0x0000000089e00000, 0x0000000089e00000, 0x0000000089f00000|  0%| F|  |TAMS 0x0000000089e00000, 0x0000000089e00000| Untracked 
| 119|0x0000000089f00000, 0x0000000089f00000, 0x000000008a000000|  0%| F|  |TAMS 0x0000000089f00000, 0x0000000089f00000| Untracked 
| 120|0x000000008a000000, 0x000000008a000000, 0x000000008a100000|  0%| F|  |TAMS 0x000000008a000000, 0x000000008a000000| Untracked 
| 121|0x000000008a100000, 0x000000008a100000, 0x000000008a200000|  0%| F|  |TAMS 0x000000008a100000, 0x000000008a100000| Untracked 
| 122|0x000000008a200000, 0x000000008a200000, 0x000000008a300000|  0%| F|  |TAMS 0x000000008a200000, 0x000000008a200000| Untracked 
| 123|0x000000008a300000, 0x000000008a380800, 0x000000008a400000| 50%| E|  |TAMS 0x000000008a300000, 0x000000008a300000| Complete 
| 124|0x000000008a400000, 0x000000008a500000, 0x000000008a500000|100%| E|CS|TAMS 0x000000008a400000, 0x000000008a400000| Complete 
| 125|0x000000008a500000, 0x000000008a600000, 0x000000008a600000|100%| E|CS|TAMS 0x000000008a500000, 0x000000008a500000| Complete 

Card table byte_map: [0x00000185b63e0000,0x00000185b67d0000] _byte_map_base: 0x00000185b5fcc000

Marking Bits (Prev, Next): (CMBitMap*) 0x000001859e9d35f0, (CMBitMap*) 0x000001859e9d35b8
 Prev Bits: [0x00000185b8b20000, 0x00000185baa80000)
 Next Bits: [0x00000185b6bc0000, 0x00000185b8b20000)

Polling page: 0x000001859c770000

Metaspace:

Usage:
  Non-class:     18.69 MB capacity,    18.38 MB ( 98%) used,   294.32 KB (  2%) free+waste,    24.38 KB ( <1%) overhead. 
      Class:      2.34 MB capacity,     2.23 MB ( 95%) used,   104.40 KB (  4%) free+waste,    10.25 KB ( <1%) overhead. 
       Both:     21.04 MB capacity,    20.62 MB ( 98%) used,   398.72 KB (  2%) free+waste,    34.63 KB ( <1%) overhead. 

Virtual space:
  Non-class space:       20.00 MB reserved,      18.92 MB ( 95%) committed 
      Class space:        1.00 GB reserved,       2.38 MB ( <1%) committed 
             Both:        1.02 GB reserved,      21.30 MB (  2%) committed 

Chunk freelists:
   Non-Class:  7.13 KB
       Class:  0 bytes
        Both:  7.13 KB

CodeHeap 'non-profiled nmethods': size=120000Kb used=1351Kb max_used=1351Kb free=118648Kb
 bounds [0x00000185ae790000, 0x00000185aea00000, 0x00000185b5cc0000]
CodeHeap 'profiled nmethods': size=120000Kb used=6160Kb max_used=6160Kb free=113840Kb
 bounds [0x00000185a7260000, 0x00000185a7870000, 0x00000185ae790000]
CodeHeap 'non-nmethods': size=5760Kb used=1104Kb max_used=1138Kb free=4656Kb
 bounds [0x00000185a6cc0000, 0x00000185a6f30000, 0x00000185a7260000]
 total_blobs=3960 nmethods=2913 adapters=323
 compilation: enabled
              stopped_count=0, restarted_count=0
 full_count=0

Compilation events (10 events):
Event: 4.891 Thread 0x00000185bd4f1000 nmethod 2909 0x00000185ae8e0790 code [0x00000185ae8e0920, 0x00000185ae8e0a38]
Event: 4.891 Thread 0x00000185bd4fc800 2910       3       java.nio.ByteBuffer::clear (7 bytes)
Event: 4.891 Thread 0x00000185bd4fc800 nmethod 2910 0x00000185a7862f10 code [0x00000185a78630c0, 0x00000185a7863298]
Event: 4.895 Thread 0x00000185bd4f1000 2911       4       java.lang.StringLatin1::newString (17 bytes)
Event: 4.901 Thread 0x00000185bd4f1000 nmethod 2911 0x00000185ae8e0b90 code [0x00000185ae8e0d40, 0x00000185ae8e10f8]
Event: 4.901 Thread 0x00000185bd4f1000 2912  s    4       java.lang.StringBuffer::append (13 bytes)
Event: 4.918 Thread 0x00000185bd4f1000 nmethod 2912 0x00000185ae8e1290 code [0x00000185ae8e1460, 0x00000185ae8e1c48]
Event: 7.142 Thread 0x00000185bd4fc800 2913   !   3       org.apache.maven.eventspy.internal.EventSpyDispatcher::onEvent (67 bytes)
Event: 7.143 Thread 0x00000185bd4fc800 nmethod 2913 0x00000185a7863390 code [0x00000185a78635c0, 0x00000185a7863d80]
Event: 7.143 Thread 0x00000185bd4fc800 2914       3       org.netbeans.modules.maven.event.NbEventSpy::onEvent (1102 bytes)

GC Heap History (4 events):
Event: 1.176 GC heap before
{Heap before GC invocations=0 (full 0):
 garbage-first heap   total 129024K, used 23552K [0x0000000082800000, 0x0000000100000000)
  region size 1024K, 24 young (24576K), 0 survivors (0K)
 Metaspace       used 12197K, capacity 12348K, committed 12416K, reserved 1060864K
  class space    used 1263K, capacity 1349K, committed 1408K, reserved 1048576K
}
Event: 1.188 GC heap after
{Heap after GC invocations=1 (full 0):
 garbage-first heap   total 129024K, used 3306K [0x0000000082800000, 0x0000000100000000)
  region size 1024K, 3 young (3072K), 3 survivors (3072K)
 Metaspace       used 12197K, capacity 12348K, committed 12416K, reserved 1060864K
  class space    used 1263K, capacity 1349K, committed 1408K, reserved 1048576K
}
Event: 4.332 GC heap before
{Heap before GC invocations=1 (full 0):
 garbage-first heap   total 129024K, used 76010K [0x0000000082800000, 0x0000000100000000)
  region size 1024K, 75 young (76800K), 3 survivors (3072K)
 Metaspace       used 20778K, capacity 21197K, committed 21296K, reserved 1069056K
  class space    used 2240K, capacity 2389K, committed 2432K, reserved 1048576K
}
Event: 4.363 GC heap after
{Heap after GC invocations=2 (full 0):
 garbage-first heap   total 129024K, used 7550K [0x0000000082800000, 0x0000000100000000)
  region size 1024K, 8 young (8192K), 8 survivors (8192K)
 Metaspace       used 20778K, capacity 21197K, committed 21296K, reserved 1069056K
  class space    used 2240K, capacity 2389K, committed 2432K, reserved 1048576K
}

Deoptimization events (10 events):
Event: 4.003 Thread 0x000001859e998000 Uncommon trap: reason=profile_predicate action=maybe_recompile pc=0x00000185ae8c1938 method=java.util.regex.Pattern$CharPropertyGreedy.match(Ljava/util/regex/Matcher;ILjava/lang/CharSequence;)Z @ 12 c2
Event: 4.003 Thread 0x000001859e998000 Uncommon trap: reason=profile_predicate action=maybe_recompile pc=0x00000185ae8c1938 method=java.util.regex.Pattern$CharPropertyGreedy.match(Ljava/util/regex/Matcher;ILjava/lang/CharSequence;)Z @ 12 c2
Event: 4.003 Thread 0x000001859e998000 Uncommon trap: reason=profile_predicate action=maybe_recompile pc=0x00000185ae8c1938 method=java.util.regex.Pattern$CharPropertyGreedy.match(Ljava/util/regex/Matcher;ILjava/lang/CharSequence;)Z @ 12 c2
Event: 4.166 Thread 0x000001859e998000 Uncommon trap: reason=intrinsic_or_type_checked_inlining action=make_not_entrant pc=0x00000185ae8aa374 method=java.util.Arrays.copyOf([Ljava/lang/Object;ILjava/lang/Class;)[Ljava/lang/Object; @ 35 c2
Event: 4.296 Thread 0x000001859e998000 Uncommon trap: reason=bimorphic_or_optimized_type_check action=maybe_recompile pc=0x00000185ae8a0730 method=java.util.regex.Pattern$BmpCharPropertyGreedy.match(Ljava/util/regex/Matcher;ILjava/lang/CharSequence;)Z @ 26 c2
Event: 4.296 Thread 0x000001859e998000 Uncommon trap: reason=bimorphic_or_optimized_type_check action=maybe_recompile pc=0x00000185ae8a0730 method=java.util.regex.Pattern$BmpCharPropertyGreedy.match(Ljava/util/regex/Matcher;ILjava/lang/CharSequence;)Z @ 26 c2
Event: 4.296 Thread 0x000001859e998000 Uncommon trap: reason=bimorphic_or_optimized_type_check action=maybe_recompile pc=0x00000185ae8a0730 method=java.util.regex.Pattern$BmpCharPropertyGreedy.match(Ljava/util/regex/Matcher;ILjava/lang/CharSequence;)Z @ 26 c2
Event: 4.324 Thread 0x000001859e998000 Uncommon trap: reason=speculate_null_assert action=make_not_entrant pc=0x00000185ae8c4a80 method=org.eclipse.sisu.inject.RankedBindings$Itr.hasNext()Z @ 80 c2
Event: 4.548 Thread 0x000001859e998000 Uncommon trap: reason=unstable_if action=reinterpret pc=0x00000185ae8d5438 method=java.util.StringTokenizer.scanToken(I)I @ 96 c2
Event: 7.142 Thread 0x000001859e998000 Uncommon trap: reason=bimorphic_or_optimized_type_check action=maybe_recompile pc=0x00000185ae8a0730 method=java.util.regex.Pattern$BmpCharPropertyGreedy.match(Ljava/util/regex/Matcher;ILjava/lang/CharSequence;)Z @ 26 c2

Classes redefined (0 events):
No events

Internal exceptions (10 events):
Event: 2.556 Thread 0x000001859e998000 Exception <a 'java/lang/NoSuchMethodError'{0x0000000088079f00}: java.lang.invoke.DirectMethodHandle$Holder.invokeStaticInit(Ljava/lang/Object;IIII)Ljava/lang/Object;> (0x0000000088079f00) thrown at [t:/workspace/open/src/hotspot/share/interpreter/linkReso
Event: 2.742 Thread 0x000001859e998000 Implicit null exception at 0x00000185ae84378d to 0x00000185ae843876
Event: 3.038 Thread 0x000001859e998000 Implicit null exception at 0x00000185ae7f19f5 to 0x00000185ae7f1bce
Event: 3.038 Thread 0x000001859e998000 Implicit null exception at 0x00000185ae81482f to 0x00000185ae81489d
Event: 3.040 Thread 0x000001859e998000 Implicit null exception at 0x00000185ae82833b to 0x00000185ae828a3a
Event: 4.569 Thread 0x000001859e998000 Exception <a 'java/lang/NoSuchMethodError'{0x000000008a42b6c8}: java.lang.invoke.DirectMethodHandle$Holder.invokeStatic(Ljava/lang/Object;J)V> (0x000000008a42b6c8) thrown at [t:/workspace/open/src/hotspot/share/interpreter/linkResolver.cpp, line 772]
Event: 4.569 Thread 0x000001859e998000 Exception <a 'java/lang/NoSuchMethodError'{0x000000008a430910}: java.lang.invoke.DirectMethodHandle$Holder.invokeStatic(Ljava/lang/Object;J)Ljava/lang/Object;> (0x000000008a430910) thrown at [t:/workspace/open/src/hotspot/share/interpreter/linkResolver.cp
Event: 4.574 Thread 0x000001859e998000 Exception <a 'java/lang/NoSuchMethodError'{0x000000008a43ed68}: java.lang.invoke.DirectMethodHandle$Holder.invokeStaticInit(Ljava/lang/Object;Ljava/lang/Object;JLjava/lang/Object;)Ljava/lang/Object;> (0x000000008a43ed68) thrown at [t:/workspace/open/src/h
Event: 4.576 Thread 0x000001859e998000 Exception <a 'java/lang/NoSuchMethodError'{0x000000008a444c88}: java.lang.invoke.DirectMethodHandle$Holder.invokeStatic(Ljava/lang/Object;Ljava/lang/Object;J)Ljava/lang/Object;> (0x000000008a444c88) thrown at [t:/workspace/open/src/hotspot/share/interpret
Event: 4.577 Thread 0x000001859e998000 Exception <a 'java/lang/NoSuchMethodError'{0x000000008a44af58}: java.lang.invoke.Invokers$Holder.linkToTargetMethod(Ljava/lang/Object;JLjava/lang/Object;)Ljava/lang/Object;> (0x000000008a44af58) thrown at [t:/workspace/open/src/hotspot/share/interpreter/l

Events (10 events):
Event: 4.892 loading class org/codehaus/plexus/util/Base64
Event: 4.892 loading class org/codehaus/plexus/util/Base64 done
Event: 4.893 loading class org/codehaus/plexus/util/Base64
Event: 4.893 loading class org/codehaus/plexus/util/Base64 done
Event: 4.894 loading class java/lang/StringCoding$StringEncoder
Event: 4.894 loading class java/lang/StringCoding$StringEncoder done
Event: 7.142 Thread 0x000001859e998000 Uncommon trap: trap_request=0xffffffc6 fr.pc=0x00000185ae8a0730 relative=0x0000000000000790
Event: 7.142 Thread 0x000001859e998000 DEOPT PACKING pc=0x00000185ae8a0730 sp=0x00000050fd6fdbf0
Event: 7.142 Thread 0x000001859e998000 DEOPT UNPACKING pc=0x00000185a6ce8f2f sp=0x00000050fd6fdb88 mode 2
Event: 7.144 Executing VM operation: G1CollectFull


Dynamic libraries:
0x00007ff6a65d0000 - 0x00007ff6a6617000 	C:\Program Files\Java\jdk-11.0.2\bin\java.exe
0x00007ffd6fe00000 - 0x00007ffd6fff0000 	C:\WINDOWS\SYSTEM32\ntdll.dll
0x00007ffd6f360000 - 0x00007ffd6f412000 	C:\WINDOWS\System32\KERNEL32.DLL
0x00007ffd6cf80000 - 0x00007ffd6d223000 	C:\WINDOWS\System32\KERNELBASE.dll
0x00007ffd6f480000 - 0x00007ffd6f523000 	C:\WINDOWS\System32\ADVAPI32.dll
0x00007ffd6eb80000 - 0x00007ffd6ec1e000 	C:\WINDOWS\System32\msvcrt.dll
0x00007ffd6f2c0000 - 0x00007ffd6f357000 	C:\WINDOWS\System32\sechost.dll
0x00007ffd6ece0000 - 0x00007ffd6ee00000 	C:\WINDOWS\System32\RPCRT4.dll
0x00007ffd6f530000 - 0x00007ffd6f6c4000 	C:\WINDOWS\System32\USER32.dll
0x00007ffd6dac0000 - 0x00007ffd6dae1000 	C:\WINDOWS\System32\win32u.dll
0x00007ffd6f850000 - 0x00007ffd6f876000 	C:\WINDOWS\System32\GDI32.dll
0x00007ffd6cde0000 - 0x00007ffd6cf74000 	C:\WINDOWS\System32\gdi32full.dll
0x00007ffd6daf0000 - 0x00007ffd6db8e000 	C:\WINDOWS\System32\msvcp_win.dll
0x00007ffd6ddb0000 - 0x00007ffd6deaa000 	C:\WINDOWS\System32\ucrtbase.dll
0x00007ffd5ffc0000 - 0x00007ffd60245000 	C:\WINDOWS\WinSxS\amd64_microsoft.windows.common-controls_6595b64144ccf1df_6.0.18362.720_none_e6beb5c51314836b\COMCTL32.dll
0x00007ffd644b0000 - 0x00007ffd644ba000 	C:\WINDOWS\SYSTEM32\VERSION.dll
0x00007ffd6ee00000 - 0x00007ffd6f136000 	C:\WINDOWS\System32\combase.dll
0x00007ffd6db90000 - 0x00007ffd6dc10000 	C:\WINDOWS\System32\bcryptPrimitives.dll
0x00007ffd6deb0000 - 0x00007ffd6dede000 	C:\WINDOWS\System32\IMM32.DLL
0x00007ffd63fc0000 - 0x00007ffd63fd6000 	C:\Program Files\Java\jdk-11.0.2\bin\vcruntime140.dll
0x00007ffd32f20000 - 0x00007ffd32fca000 	C:\Program Files\Java\jdk-11.0.2\bin\msvcp140.dll
0x00007ffce9a70000 - 0x00007ffcea597000 	C:\Program Files\Java\jdk-11.0.2\bin\server\jvm.dll
0x00007ffd608f0000 - 0x00007ffd608f9000 	C:\WINDOWS\SYSTEM32\WSOCK32.dll
0x00007ffd6f150000 - 0x00007ffd6f1bf000 	C:\WINDOWS\System32\WS2_32.dll
0x00007ffd6ecd0000 - 0x00007ffd6ecd8000 	C:\WINDOWS\System32\PSAPI.DLL
0x00007ffd60500000 - 0x00007ffd60524000 	C:\WINDOWS\SYSTEM32\WINMM.dll
0x00007ffd604d0000 - 0x00007ffd604fd000 	C:\WINDOWS\SYSTEM32\winmmbase.dll
0x00007ffd6cd90000 - 0x00007ffd6cdda000 	C:\WINDOWS\System32\cfgmgr32.dll
0x00007ffd6ccd0000 - 0x00007ffd6cce1000 	C:\WINDOWS\System32\kernel.appcore.dll
0x00007ffd5e6c0000 - 0x00007ffd5e6d1000 	C:\Program Files\Java\jdk-11.0.2\bin\verify.dll
0x00007ffd6b5d0000 - 0x00007ffd6b7c4000 	C:\WINDOWS\SYSTEM32\DBGHELP.DLL
0x00007ffd64830000 - 0x00007ffd6485a000 	C:\WINDOWS\SYSTEM32\dbgcore.DLL
0x00007ffd5ab90000 - 0x00007ffd5abb9000 	C:\Program Files\Java\jdk-11.0.2\bin\java.dll
0x00007ffd5d140000 - 0x00007ffd5d156000 	C:\Program Files\Java\jdk-11.0.2\bin\zip.dll
0x00007ffd67b00000 - 0x00007ffd67b0a000 	C:\Program Files\Java\jdk-11.0.2\bin\jimage.dll
0x00007ffd6e420000 - 0x00007ffd6eb05000 	C:\WINDOWS\System32\SHELL32.dll
0x00007ffd6ec20000 - 0x00007ffd6ecc9000 	C:\WINDOWS\System32\shcore.dll
0x00007ffd6d290000 - 0x00007ffd6da10000 	C:\WINDOWS\System32\windows.storage.dll
0x00007ffd6cd40000 - 0x00007ffd6cd63000 	C:\WINDOWS\System32\profapi.dll
0x00007ffd6ccf0000 - 0x00007ffd6cd3a000 	C:\WINDOWS\System32\powrprof.dll
0x00007ffd6ccc0000 - 0x00007ffd6ccd0000 	C:\WINDOWS\System32\UMPDC.dll
0x00007ffd6dee0000 - 0x00007ffd6df32000 	C:\WINDOWS\System32\shlwapi.dll
0x00007ffd6dd90000 - 0x00007ffd6dda7000 	C:\WINDOWS\System32\cryptsp.dll
0x00007ffd5c8a0000 - 0x00007ffd5c8b9000 	C:\Program Files\Java\jdk-11.0.2\bin\net.dll
0x00007ffd61210000 - 0x00007ffd613e5000 	C:\WINDOWS\SYSTEM32\urlmon.dll
0x00007ffd6a530000 - 0x00007ffd6a621000 	C:\WINDOWS\SYSTEM32\WINHTTP.dll
0x00007ffd60e40000 - 0x00007ffd610e6000 	C:\WINDOWS\SYSTEM32\iertutil.dll
0x00007ffd6c700000 - 0x00007ffd6c70c000 	C:\WINDOWS\SYSTEM32\CRYPTBASE.DLL
0x00007ffd6c530000 - 0x00007ffd6c597000 	C:\WINDOWS\system32\mswsock.dll
0x00007ffd597d0000 - 0x00007ffd597e3000 	C:\Program Files\Java\jdk-11.0.2\bin\nio.dll

dbghelp: loaded successfully - version: 4.0.5 - missing functions: none
symbol engine: initialized successfully - sym options: 0x614 - pdb path: .;C:\Program Files\Java\jdk-11.0.2\bin;C:\WINDOWS\SYSTEM32;C:\WINDOWS\WinSxS\amd64_microsoft.windows.common-controls_6595b64144ccf1df_6.0.18362.720_none_e6beb5c51314836b;C:\Program Files\Java\jdk-11.0.2\bin\server

VM Arguments:
jvm_args: -Dclassworlds.conf=C:\Program Files\NetBeans-11.1\netbeans\java\maven\bin\m2.conf -Dmaven.home=C:\Program Files\NetBeans-11.1\netbeans\java\maven -Dmaven.multiModuleProjectDirectory=C:\Users\Nirma Sajid\Desktop\GUI project\GUI.DB.assignment 
java_command: org.codehaus.plexus.classworlds.launcher.Launcher -Dexec.args=-classpath %classpath main -Dexec.executable=C:\Program Files\Java\jdk-11.0.2\bin\java.exe -Dmaven.ext.class.path=C:\Program Files\NetBeans-11.1\netbeans\java\maven-nblib\netbeans-eventspy.jar -Dfile.encoding=UTF-8 org.codehaus.mojo:exec-maven-plugin:1.5.0:exec
java_class_path (initial): C:\Program Files\NetBeans-11.1\netbeans\java\maven\boot\plexus-classworlds-2.5.2.jar
Launcher Type: SUN_STANDARD

[Global flags]
     intx CICompilerCount                          = 4                                         {product} {ergonomic}
     uint ConcGCThreads                            = 2                                         {product} {ergonomic}
     uint G1ConcRefinementThreads                  = 8                                         {product} {ergonomic}
   size_t G1HeapRegionSize                         = 1048576                                   {product} {ergonomic}
    uintx GCDrainStackTargetSize                   = 64                                        {product} {ergonomic}
   size_t InitialHeapSize                          = 132120576                                 {product} {ergonomic}
   size_t MarkStackSize                            = 4194304                                   {product} {ergonomic}
   size_t MaxHeapSize                              = 2105540608                                {product} {ergonomic}
   size_t MaxNewSize                               = 1262485504                                {product} {ergonomic}
   size_t MinHeapDeltaBytes                        = 1048576                                   {product} {ergonomic}
    uintx NonNMethodCodeHeapSize                   = 5835340                                {pd product} {ergonomic}
    uintx NonProfiledCodeHeapSize                  = 122911450                              {pd product} {ergonomic}
    uintx ProfiledCodeHeapSize                     = 122911450                              {pd product} {ergonomic}
    uintx ReservedCodeCacheSize                    = 251658240                              {pd product} {ergonomic}
     bool SegmentedCodeCache                       = true                                      {product} {ergonomic}
     bool UseCompressedClassPointers               = true                                 {lp64_product} {ergonomic}
     bool UseCompressedOops                        = true                                 {lp64_product} {ergonomic}
     bool UseG1GC                                  = true                                      {product} {ergonomic}
     bool UseLargePagesIndividualAllocation        = false                                  {pd product} {ergonomic}

Logging:
Log output configuration:
 #0: stdout all=warning uptime,level,tags
 #1: stderr all=off uptime,level,tags

Environment Variables:
JAVA_HOME=C:\Program Files\Java\jdk-11.0.2
PATH=C:\Program Files\Java\jdk-11.0.2\bin;C:\WINDOWS\system32;C:\WINDOWS;C:\WINDOWS\System32\Wbem;C:\WINDOWS\System32\WindowsPowerShell\v1.0\;C:\WINDOWS\System32\OpenSSH\;C:\Users\Nirma Sajid\AppData\Local\Microsoft\WindowsApps
USERNAME=Nimra Sajid
OS=Windows_NT
PROCESSOR_IDENTIFIER=Intel64 Family 6 Model 142 Stepping 10, GenuineIntel



---------------  S Y S T E M  ---------------

OS: Windows 10 , 64 bit Build 18362 (10.0.18362.329)

CPU:total 8 (initial active 8) (4 cores per cpu, 2 threads per core) family 6 model 142 stepping 10, cmov, cx8, fxsr, mmx, sse, sse2, sse3, ssse3, sse4.1, sse4.2, popcnt, avx, avx2, aes, clmul, erms, 3dnowpref, lzcnt, ht, tsc, tscinvbit, bmi1, bmi2, adx, fma

Memory: 4k page, system-wide physical 8026M (87M free)
TotalPageFile size 32602M (AvailPageFile size 52M)
current process WorkingSet (physical memory assigned to process): 146M, peak: 164M
current process commit charge ("private bytes"): 235M, peak: 253M

vm_info: Java HotSpot(TM) 64-Bit Server VM (11.0.2+9-LTS) for windows-amd64 JRE (11.0.2+9-LTS), built on Jan 18 2019 05:24:10 by "mach5one" with MS VC++ 15.5 (VS2017)

END.
