#
# There is insufficient memory for the Java Runtime Environment to continue.
# Native memory allocation (malloc) failed to allocate 583776 bytes for Chunk::new
# Possible reasons:
#   The system is out of physical RAM or swap space
#   The process is running with CompressedOops enabled, and the Java Heap may be blocking the growth of the native heap
# Possible solutions:
#   Reduce memory load on the system
#   Increase physical memory or swap space
#   Check if swap backing store is full
#   Decrease Java heap size (-Xmx/-Xms)
#   Decrease number of Java threads
#   Decrease Java thread stack sizes (-Xss)
#   Set larger code cache with -XX:ReservedCodeCacheSize=
#   JVM is running with Unscaled Compressed Oops mode in which the Java heap is
#     placed in the first 4GB address space. The Java Heap base address is the
#     maximum limit for the native heap growth. Please use -XX:HeapBaseMinAddress
#     to set the Java Heap base and to place the Java Heap above 4GB virtual address.
# This output file may be truncated or incomplete.
#
#  Out of Memory Error (t:/workspace/open/src/hotspot/share/memory/arena.cpp:197), pid=41636, tid=20328
#
# JRE version: Java(TM) SE Runtime Environment (11.0.2+9) (build 11.0.2+9-LTS)
# Java VM: Java HotSpot(TM) 64-Bit Server VM (11.0.2+9-LTS, mixed mode, tiered, compressed oops, g1 gc, windows-amd64)
# No core dump will be written. Minidumps are not enabled by default on client versions of Windows
#

---------------  S U M M A R Y ------------

Command Line: main

Host: Intel(R) Core(TM) i5-8250U CPU @ 1.60GHz, 8 cores, 7G,  Windows 10 , 64 bit Build 18362 (10.0.18362.329)
Time: Sun Apr 19 16:08:51 2020 GMT Summer Time elapsed time: 0 seconds (0d 0h 0m 0s)

---------------  T H R E A D  ---------------

Current thread (0x00000273f8d3c800):  JavaThread "C2 CompilerThread0" daemon [_thread_in_native, id=20328, stack(0x000000e003700000,0x000000e003800000)]


Current CompileTask:
C2:    996  485       4       jdk.internal.org.objectweb.asm.Frame::execute (2264 bytes)

Stack: [0x000000e003700000,0x000000e003800000]
Native frames: (J=compiled Java code, j=interpreted, Vv=VM code, C=native code)
V  [jvm.dll+0x63574a]
V  [jvm.dll+0x77326f]
V  [jvm.dll+0x77491a]
V  [jvm.dll+0x774fd3]
V  [jvm.dll+0x25e418]
V  [jvm.dll+0xc2141]
V  [jvm.dll+0xc26dc]
V  [jvm.dll+0x2cf274]
V  [jvm.dll+0x55235f]
V  [jvm.dll+0x21a38f]
V  [jvm.dll+0x2172c6]
V  [jvm.dll+0x194200]
V  [jvm.dll+0x2263af]
V  [jvm.dll+0x2249b8]
V  [jvm.dll+0x738a9d]
V  [jvm.dll+0x6347f2]
C  [ucrtbase.dll+0x20e72]
C  [KERNEL32.DLL+0x17bd4]
C  [ntdll.dll+0x6ced1]


---------------  P R O C E S S  ---------------

Threads class SMR info:
_java_thread_list=0x00000273f97e6ad0, length=14, elements={
0x00000273da1e1000, 0x00000273f8d1f800, 0x00000273f8d28800, 0x00000273f8d39000,
0x00000273f8d3c000, 0x00000273f8d3c800, 0x00000273f8d42000, 0x00000273f8d46000,
0x00000273f9813000, 0x00000273f9806800, 0x00000273f9b12000, 0x00000273f9b15000,
0x00000273f9bb9000, 0x00000273faf64800
}

Java Threads: ( => current thread )
  0x00000273da1e1000 JavaThread "main" [_thread_in_vm, id=30256, stack(0x000000e002c00000,0x000000e002d00000)]
  0x00000273f8d1f800 JavaThread "Reference Handler" daemon [_thread_blocked, id=58780, stack(0x000000e003300000,0x000000e003400000)]
  0x00000273f8d28800 JavaThread "Finalizer" daemon [_thread_blocked, id=58544, stack(0x000000e003400000,0x000000e003500000)]
  0x00000273f8d39000 JavaThread "Signal Dispatcher" daemon [_thread_blocked, id=27700, stack(0x000000e003500000,0x000000e003600000)]
  0x00000273f8d3c000 JavaThread "Attach Listener" daemon [_thread_blocked, id=43640, stack(0x000000e003600000,0x000000e003700000)]
=>0x00000273f8d3c800 JavaThread "C2 CompilerThread0" daemon [_thread_in_native, id=20328, stack(0x000000e003700000,0x000000e003800000)]
  0x00000273f8d42000 JavaThread "C1 CompilerThread0" daemon [_thread_in_native, id=50132, stack(0x000000e003800000,0x000000e003900000)]
  0x00000273f8d46000 JavaThread "Sweeper thread" daemon [_thread_blocked, id=8492, stack(0x000000e003900000,0x000000e003a00000)]
  0x00000273f9813000 JavaThread "Service Thread" daemon [_thread_blocked, id=55032, stack(0x000000e003a00000,0x000000e003b00000)]
  0x00000273f9806800 JavaThread "Common-Cleaner" daemon [_thread_blocked, id=54348, stack(0x000000e003c00000,0x000000e003d00000)]
  0x00000273f9b12000 JavaThread "Java2D Disposer" daemon [_thread_blocked, id=45220, stack(0x000000e003d00000,0x000000e003e00000)]
  0x00000273f9b15000 JavaThread "AWT-Shutdown" [_thread_blocked, id=59664, stack(0x000000e003e00000,0x000000e003f00000)]
  0x00000273f9bb9000 JavaThread "AWT-Windows" daemon [_thread_in_native, id=51964, stack(0x000000e003f00000,0x000000e004000000)]
  0x00000273faf64800 JavaThread "C2 CompilerThread1" daemon [_thread_blocked, id=60212, stack(0x000000e004000000,0x000000e004100000)]

Other Threads:
  0x00000273f8cfd800 VMThread "VM Thread" [stack: 0x000000e003200000,0x000000e003300000] [id=54628]
  0x00000273f9803800 WatcherThread [stack: 0x000000e003b00000,0x000000e003c00000] [id=42756]
  0x00000273da1f7800 GCTaskThread "GC Thread#0" [stack: 0x000000e002d00000,0x000000e002e00000] [id=28880]
  0x00000273f9e4f000 GCTaskThread "GC Thread#1" [stack: 0x000000e004100000,0x000000e004200000] [id=17936]
  0x00000273f9d37800 GCTaskThread "GC Thread#2" [stack: 0x000000e004200000,0x000000e004300000] [id=17176]
  0x00000273f9b9b000 GCTaskThread "GC Thread#3" [stack: 0x000000e004300000,0x000000e004400000] [id=54212]
  0x00000273da228000 ConcurrentGCThread "G1 Main Marker" [stack: 0x000000e002e00000,0x000000e002f00000] [id=43548]
  0x00000273da22a800 ConcurrentGCThread "G1 Conc#0" [stack: 0x000000e002f00000,0x000000e003000000] [id=51476]
  0x00000273f8b60800 ConcurrentGCThread "G1 Refine#0" [stack: 0x000000e003000000,0x000000e003100000] [id=59612]
  0x00000273f8b61800 ConcurrentGCThread "G1 Young RemSet Sampling" [stack: 0x000000e003100000,0x000000e003200000] [id=2448]

Threads with active compile tasks:
C2 CompilerThread0 485       4       jdk.internal.org.objectweb.asm.Frame::execute (2264 bytes)
C1 CompilerThread0 573       3       jdk.internal.org.objectweb.asm.ClassWriter::toByteArray (1423 bytes)
C2 CompilerThread1 570       4       jdk.internal.org.objectweb.asm.ClassWriter::newUTF8 (70 bytes)

VM state:at safepoint (normal execution)

VM Mutex/Monitor currently owned by a thread:  ([mutex/lock_event])
[0x00000273da1e03b0] Threads_lock - owner thread: 0x00000273f8cfd800
[0x00000273da1dfd80] Heap_lock - owner thread: 0x00000273da1e1000

Heap address: 0x0000000082800000, size: 2008 MB, Compressed Oops mode: 32-bit
Narrow klass base: 0x0000000000000000, Narrow klass shift: 3
Compressed class space size: 1073741824 Address: 0x0000000100000000

Heap:
 garbage-first heap   total 129024K, used 6637K [0x0000000082800000, 0x0000000100000000)
  region size 1024K, 8 young (8192K), 1 survivors (1024K)
 Metaspace       used 10094K, capacity 10366K, committed 10496K, reserved 1064960K
  class space    used 1024K, capacity 1186K, committed 1280K, reserved 1048576K
Heap Regions: E=young(eden), S=young(survivor), O=old, HS=humongous(starts), HC=humongous(continues), CS=collection set, F=free, A=archive, TAMS=top-at-mark-start (previous, next)
|   0|0x0000000082800000, 0x0000000082800000, 0x0000000082900000|  0%| F|  |TAMS 0x0000000082800000, 0x0000000082800000| Untracked 
|   1|0x0000000082900000, 0x0000000082900000, 0x0000000082a00000|  0%| F|  |TAMS 0x0000000082900000, 0x0000000082900000| Untracked 
|   2|0x0000000082a00000, 0x0000000082a00000, 0x0000000082b00000|  0%| F|  |TAMS 0x0000000082a00000, 0x0000000082a00000| Untracked 
|   3|0x0000000082b00000, 0x0000000082b00000, 0x0000000082c00000|  0%| F|  |TAMS 0x0000000082b00000, 0x0000000082b00000| Untracked 
|   4|0x0000000082c00000, 0x0000000082c00000, 0x0000000082d00000|  0%| F|  |TAMS 0x0000000082c00000, 0x0000000082c00000| Untracked 
|   5|0x0000000082d00000, 0x0000000082d00000, 0x0000000082e00000|  0%| F|  |TAMS 0x0000000082d00000, 0x0000000082d00000| Untracked 
|   6|0x0000000082e00000, 0x0000000082e00000, 0x0000000082f00000|  0%| F|  |TAMS 0x0000000082e00000, 0x0000000082e00000| Untracked 
|   7|0x0000000082f00000, 0x0000000082f00000, 0x0000000083000000|  0%| F|  |TAMS 0x0000000082f00000, 0x0000000082f00000| Untracked 
|   8|0x0000000083000000, 0x0000000083000000, 0x0000000083100000|  0%| F|  |TAMS 0x0000000083000000, 0x0000000083000000| Untracked 
|   9|0x0000000083100000, 0x0000000083100000, 0x0000000083200000|  0%| F|  |TAMS 0x0000000083100000, 0x0000000083100000| Untracked 
|  10|0x0000000083200000, 0x0000000083200000, 0x0000000083300000|  0%| F|  |TAMS 0x0000000083200000, 0x0000000083200000| Untracked 
|  11|0x0000000083300000, 0x0000000083300000, 0x0000000083400000|  0%| F|  |TAMS 0x0000000083300000, 0x0000000083300000| Untracked 
|  12|0x0000000083400000, 0x0000000083400000, 0x0000000083500000|  0%| F|  |TAMS 0x0000000083400000, 0x0000000083400000| Untracked 
|  13|0x0000000083500000, 0x0000000083500000, 0x0000000083600000|  0%| F|  |TAMS 0x0000000083500000, 0x0000000083500000| Untracked 
|  14|0x0000000083600000, 0x0000000083600000, 0x0000000083700000|  0%| F|  |TAMS 0x0000000083600000, 0x0000000083600000| Untracked 
|  15|0x0000000083700000, 0x0000000083700000, 0x0000000083800000|  0%| F|  |TAMS 0x0000000083700000, 0x0000000083700000| Untracked 
|  16|0x0000000083800000, 0x0000000083800000, 0x0000000083900000|  0%| F|  |TAMS 0x0000000083800000, 0x0000000083800000| Untracked 
|  17|0x0000000083900000, 0x0000000083900000, 0x0000000083a00000|  0%| F|  |TAMS 0x0000000083900000, 0x0000000083900000| Untracked 
|  18|0x0000000083a00000, 0x0000000083a00000, 0x0000000083b00000|  0%| F|  |TAMS 0x0000000083a00000, 0x0000000083a00000| Untracked 
|  19|0x0000000083b00000, 0x0000000083b00000, 0x0000000083c00000|  0%| F|  |TAMS 0x0000000083b00000, 0x0000000083b00000| Untracked 
|  20|0x0000000083c00000, 0x0000000083c00000, 0x0000000083d00000|  0%| F|  |TAMS 0x0000000083c00000, 0x0000000083c00000| Untracked 
|  21|0x0000000083d00000, 0x0000000083d00000, 0x0000000083e00000|  0%| F|  |TAMS 0x0000000083d00000, 0x0000000083d00000| Untracked 
|  22|0x0000000083e00000, 0x0000000083e00000, 0x0000000083f00000|  0%| F|  |TAMS 0x0000000083e00000, 0x0000000083e00000| Untracked 
|  23|0x0000000083f00000, 0x0000000083f00000, 0x0000000084000000|  0%| F|  |TAMS 0x0000000083f00000, 0x0000000083f00000| Untracked 
|  24|0x0000000084000000, 0x0000000084000000, 0x0000000084100000|  0%| F|  |TAMS 0x0000000084000000, 0x0000000084000000| Untracked 
|  25|0x0000000084100000, 0x0000000084100000, 0x0000000084200000|  0%| F|  |TAMS 0x0000000084100000, 0x0000000084100000| Untracked 
|  26|0x0000000084200000, 0x0000000084200000, 0x0000000084300000|  0%| F|  |TAMS 0x0000000084200000, 0x0000000084200000| Untracked 
|  27|0x0000000084300000, 0x0000000084300000, 0x0000000084400000|  0%| F|  |TAMS 0x0000000084300000, 0x0000000084300000| Untracked 
|  28|0x0000000084400000, 0x0000000084400000, 0x0000000084500000|  0%| F|  |TAMS 0x0000000084400000, 0x0000000084400000| Untracked 
|  29|0x0000000084500000, 0x0000000084500000, 0x0000000084600000|  0%| F|  |TAMS 0x0000000084500000, 0x0000000084500000| Untracked 
|  30|0x0000000084600000, 0x0000000084600000, 0x0000000084700000|  0%| F|  |TAMS 0x0000000084600000, 0x0000000084600000| Untracked 
|  31|0x0000000084700000, 0x0000000084700000, 0x0000000084800000|  0%| F|  |TAMS 0x0000000084700000, 0x0000000084700000| Untracked 
|  32|0x0000000084800000, 0x0000000084800000, 0x0000000084900000|  0%| F|  |TAMS 0x0000000084800000, 0x0000000084800000| Untracked 
|  33|0x0000000084900000, 0x0000000084900000, 0x0000000084a00000|  0%| F|  |TAMS 0x0000000084900000, 0x0000000084900000| Untracked 
|  34|0x0000000084a00000, 0x0000000084a00000, 0x0000000084b00000|  0%| F|  |TAMS 0x0000000084a00000, 0x0000000084a00000| Untracked 
|  35|0x0000000084b00000, 0x0000000084b00000, 0x0000000084c00000|  0%| F|  |TAMS 0x0000000084b00000, 0x0000000084b00000| Untracked 
|  36|0x0000000084c00000, 0x0000000084c00000, 0x0000000084d00000|  0%| F|  |TAMS 0x0000000084c00000, 0x0000000084c00000| Untracked 
|  37|0x0000000084d00000, 0x0000000084d00000, 0x0000000084e00000|  0%| F|  |TAMS 0x0000000084d00000, 0x0000000084d00000| Untracked 
|  38|0x0000000084e00000, 0x0000000084e00000, 0x0000000084f00000|  0%| F|  |TAMS 0x0000000084e00000, 0x0000000084e00000| Untracked 
|  39|0x0000000084f00000, 0x0000000084f00000, 0x0000000085000000|  0%| F|  |TAMS 0x0000000084f00000, 0x0000000084f00000| Untracked 
|  40|0x0000000085000000, 0x0000000085000000, 0x0000000085100000|  0%| F|  |TAMS 0x0000000085000000, 0x0000000085000000| Untracked 
|  41|0x0000000085100000, 0x0000000085100000, 0x0000000085200000|  0%| F|  |TAMS 0x0000000085100000, 0x0000000085100000| Untracked 
|  42|0x0000000085200000, 0x0000000085200000, 0x0000000085300000|  0%| F|  |TAMS 0x0000000085200000, 0x0000000085200000| Untracked 
|  43|0x0000000085300000, 0x0000000085300000, 0x0000000085400000|  0%| F|  |TAMS 0x0000000085300000, 0x0000000085300000| Untracked 
|  44|0x0000000085400000, 0x0000000085400000, 0x0000000085500000|  0%| F|  |TAMS 0x0000000085400000, 0x0000000085400000| Untracked 
|  45|0x0000000085500000, 0x0000000085500000, 0x0000000085600000|  0%| F|  |TAMS 0x0000000085500000, 0x0000000085500000| Untracked 
|  46|0x0000000085600000, 0x0000000085600000, 0x0000000085700000|  0%| F|  |TAMS 0x0000000085600000, 0x0000000085600000| Untracked 
|  47|0x0000000085700000, 0x0000000085700000, 0x0000000085800000|  0%| F|  |TAMS 0x0000000085700000, 0x0000000085700000| Untracked 
|  48|0x0000000085800000, 0x0000000085800000, 0x0000000085900000|  0%| F|  |TAMS 0x0000000085800000, 0x0000000085800000| Untracked 
|  49|0x0000000085900000, 0x0000000085900000, 0x0000000085a00000|  0%| F|  |TAMS 0x0000000085900000, 0x0000000085900000| Untracked 
|  50|0x0000000085a00000, 0x0000000085a00000, 0x0000000085b00000|  0%| F|  |TAMS 0x0000000085a00000, 0x0000000085a00000| Untracked 
|  51|0x0000000085b00000, 0x0000000085b00000, 0x0000000085c00000|  0%| F|  |TAMS 0x0000000085b00000, 0x0000000085b00000| Untracked 
|  52|0x0000000085c00000, 0x0000000085c00000, 0x0000000085d00000|  0%| F|  |TAMS 0x0000000085c00000, 0x0000000085c00000| Untracked 
|  53|0x0000000085d00000, 0x0000000085d00000, 0x0000000085e00000|  0%| F|  |TAMS 0x0000000085d00000, 0x0000000085d00000| Untracked 
|  54|0x0000000085e00000, 0x0000000085e00000, 0x0000000085f00000|  0%| F|  |TAMS 0x0000000085e00000, 0x0000000085e00000| Untracked 
|  55|0x0000000085f00000, 0x0000000085f00000, 0x0000000086000000|  0%| F|  |TAMS 0x0000000085f00000, 0x0000000085f00000| Untracked 
|  56|0x0000000086000000, 0x0000000086000000, 0x0000000086100000|  0%| F|  |TAMS 0x0000000086000000, 0x0000000086000000| Untracked 
|  57|0x0000000086100000, 0x0000000086100000, 0x0000000086200000|  0%| F|  |TAMS 0x0000000086100000, 0x0000000086100000| Untracked 
|  58|0x0000000086200000, 0x0000000086200000, 0x0000000086300000|  0%| F|  |TAMS 0x0000000086200000, 0x0000000086200000| Untracked 
|  59|0x0000000086300000, 0x0000000086300000, 0x0000000086400000|  0%| F|  |TAMS 0x0000000086300000, 0x0000000086300000| Untracked 
|  60|0x0000000086400000, 0x0000000086400000, 0x0000000086500000|  0%| F|  |TAMS 0x0000000086400000, 0x0000000086400000| Untracked 
|  61|0x0000000086500000, 0x0000000086500000, 0x0000000086600000|  0%| F|  |TAMS 0x0000000086500000, 0x0000000086500000| Untracked 
|  62|0x0000000086600000, 0x0000000086600000, 0x0000000086700000|  0%| F|  |TAMS 0x0000000086600000, 0x0000000086600000| Untracked 
|  63|0x0000000086700000, 0x0000000086700000, 0x0000000086800000|  0%| F|  |TAMS 0x0000000086700000, 0x0000000086700000| Untracked 
|  64|0x0000000086800000, 0x0000000086800000, 0x0000000086900000|  0%| F|  |TAMS 0x0000000086800000, 0x0000000086800000| Untracked 
|  65|0x0000000086900000, 0x0000000086900000, 0x0000000086a00000|  0%| F|  |TAMS 0x0000000086900000, 0x0000000086900000| Untracked 
|  66|0x0000000086a00000, 0x0000000086a00000, 0x0000000086b00000|  0%| F|  |TAMS 0x0000000086a00000, 0x0000000086a00000| Untracked 
|  67|0x0000000086b00000, 0x0000000086b00000, 0x0000000086c00000|  0%| F|  |TAMS 0x0000000086b00000, 0x0000000086b00000| Untracked 
|  68|0x0000000086c00000, 0x0000000086c00000, 0x0000000086d00000|  0%| F|  |TAMS 0x0000000086c00000, 0x0000000086c00000| Untracked 
|  69|0x0000000086d00000, 0x0000000086d00000, 0x0000000086e00000|  0%| F|  |TAMS 0x0000000086d00000, 0x0000000086d00000| Untracked 
|  70|0x0000000086e00000, 0x0000000086e00000, 0x0000000086f00000|  0%| F|  |TAMS 0x0000000086e00000, 0x0000000086e00000| Untracked 
|  71|0x0000000086f00000, 0x0000000086f00000, 0x0000000087000000|  0%| F|  |TAMS 0x0000000086f00000, 0x0000000086f00000| Untracked 
|  72|0x0000000087000000, 0x0000000087000000, 0x0000000087100000|  0%| F|  |TAMS 0x0000000087000000, 0x0000000087000000| Untracked 
|  73|0x0000000087100000, 0x0000000087100000, 0x0000000087200000|  0%| F|  |TAMS 0x0000000087100000, 0x0000000087100000| Untracked 
|  74|0x0000000087200000, 0x0000000087200000, 0x0000000087300000|  0%| F|  |TAMS 0x0000000087200000, 0x0000000087200000| Untracked 
|  75|0x0000000087300000, 0x0000000087300000, 0x0000000087400000|  0%| F|  |TAMS 0x0000000087300000, 0x0000000087300000| Untracked 
|  76|0x0000000087400000, 0x0000000087400000, 0x0000000087500000|  0%| F|  |TAMS 0x0000000087400000, 0x0000000087400000| Untracked 
|  77|0x0000000087500000, 0x0000000087500000, 0x0000000087600000|  0%| F|  |TAMS 0x0000000087500000, 0x0000000087500000| Untracked 
|  78|0x0000000087600000, 0x0000000087600000, 0x0000000087700000|  0%| F|  |TAMS 0x0000000087600000, 0x0000000087600000| Untracked 
|  79|0x0000000087700000, 0x0000000087700000, 0x0000000087800000|  0%| F|  |TAMS 0x0000000087700000, 0x0000000087700000| Untracked 
|  80|0x0000000087800000, 0x0000000087800000, 0x0000000087900000|  0%| F|  |TAMS 0x0000000087800000, 0x0000000087800000| Untracked 
|  81|0x0000000087900000, 0x0000000087900000, 0x0000000087a00000|  0%| F|  |TAMS 0x0000000087900000, 0x0000000087900000| Untracked 
|  82|0x0000000087a00000, 0x0000000087a00000, 0x0000000087b00000|  0%| F|  |TAMS 0x0000000087a00000, 0x0000000087a00000| Untracked 
|  83|0x0000000087b00000, 0x0000000087b00000, 0x0000000087c00000|  0%| F|  |TAMS 0x0000000087b00000, 0x0000000087b00000| Untracked 
|  84|0x0000000087c00000, 0x0000000087c00000, 0x0000000087d00000|  0%| F|  |TAMS 0x0000000087c00000, 0x0000000087c00000| Untracked 
|  85|0x0000000087d00000, 0x0000000087d00000, 0x0000000087e00000|  0%| F|  |TAMS 0x0000000087d00000, 0x0000000087d00000| Untracked 
|  86|0x0000000087e00000, 0x0000000087e00000, 0x0000000087f00000|  0%| F|  |TAMS 0x0000000087e00000, 0x0000000087e00000| Untracked 
|  87|0x0000000087f00000, 0x0000000087f00000, 0x0000000088000000|  0%| F|  |TAMS 0x0000000087f00000, 0x0000000087f00000| Untracked 
|  88|0x0000000088000000, 0x0000000088000000, 0x0000000088100000|  0%| F|  |TAMS 0x0000000088000000, 0x0000000088000000| Untracked 
|  89|0x0000000088100000, 0x0000000088100000, 0x0000000088200000|  0%| F|  |TAMS 0x0000000088100000, 0x0000000088100000| Untracked 
|  90|0x0000000088200000, 0x0000000088200000, 0x0000000088300000|  0%| F|  |TAMS 0x0000000088200000, 0x0000000088200000| Untracked 
|  91|0x0000000088300000, 0x0000000088300000, 0x0000000088400000|  0%| F|  |TAMS 0x0000000088300000, 0x0000000088300000| Untracked 
|  92|0x0000000088400000, 0x0000000088400000, 0x0000000088500000|  0%| F|  |TAMS 0x0000000088400000, 0x0000000088400000| Untracked 
|  93|0x0000000088500000, 0x0000000088500000, 0x0000000088600000|  0%| F|  |TAMS 0x0000000088500000, 0x0000000088500000| Untracked 
|  94|0x0000000088600000, 0x0000000088600000, 0x0000000088700000|  0%| F|  |TAMS 0x0000000088600000, 0x0000000088600000| Untracked 
|  95|0x0000000088700000, 0x0000000088700000, 0x0000000088800000|  0%| F|  |TAMS 0x0000000088700000, 0x0000000088700000| Untracked 
|  96|0x0000000088800000, 0x0000000088800000, 0x0000000088900000|  0%| F|  |TAMS 0x0000000088800000, 0x0000000088800000| Untracked 
|  97|0x0000000088900000, 0x0000000088900000, 0x0000000088a00000|  0%| F|  |TAMS 0x0000000088900000, 0x0000000088900000| Untracked 
|  98|0x0000000088a00000, 0x0000000088a00000, 0x0000000088b00000|  0%| F|  |TAMS 0x0000000088a00000, 0x0000000088a00000| Untracked 
|  99|0x0000000088b00000, 0x0000000088b00000, 0x0000000088c00000|  0%| F|  |TAMS 0x0000000088b00000, 0x0000000088b00000| Untracked 
| 100|0x0000000088c00000, 0x0000000088c00000, 0x0000000088d00000|  0%| F|  |TAMS 0x0000000088c00000, 0x0000000088c00000| Untracked 
| 101|0x0000000088d00000, 0x0000000088d00000, 0x0000000088e00000|  0%| F|  |TAMS 0x0000000088d00000, 0x0000000088d00000| Untracked 
| 102|0x0000000088e00000, 0x0000000088e00000, 0x0000000088f00000|  0%| F|  |TAMS 0x0000000088e00000, 0x0000000088e00000| Untracked 
| 103|0x0000000088f00000, 0x0000000088f00000, 0x0000000089000000|  0%| F|  |TAMS 0x0000000088f00000, 0x0000000088f00000| Untracked 
| 104|0x0000000089000000, 0x0000000089000000, 0x0000000089100000|  0%| F|  |TAMS 0x0000000089000000, 0x0000000089000000| Untracked 
| 105|0x0000000089100000, 0x0000000089100000, 0x0000000089200000|  0%| F|  |TAMS 0x0000000089100000, 0x0000000089100000| Untracked 
| 106|0x0000000089200000, 0x0000000089200000, 0x0000000089300000|  0%| F|  |TAMS 0x0000000089200000, 0x0000000089200000| Untracked 
| 107|0x0000000089300000, 0x0000000089300000, 0x0000000089400000|  0%| F|  |TAMS 0x0000000089300000, 0x0000000089300000| Untracked 
| 108|0x0000000089400000, 0x0000000089400000, 0x0000000089500000|  0%| F|  |TAMS 0x0000000089400000, 0x0000000089400000| Untracked 
| 109|0x0000000089500000, 0x0000000089500000, 0x0000000089600000|  0%| F|  |TAMS 0x0000000089500000, 0x0000000089500000| Untracked 
| 110|0x0000000089600000, 0x0000000089600000, 0x0000000089700000|  0%| F|  |TAMS 0x0000000089600000, 0x0000000089600000| Untracked 
| 111|0x0000000089700000, 0x0000000089700000, 0x0000000089800000|  0%| F|  |TAMS 0x0000000089700000, 0x0000000089700000| Untracked 
| 112|0x0000000089800000, 0x0000000089800000, 0x0000000089900000|  0%| F|  |TAMS 0x0000000089800000, 0x0000000089800000| Untracked 
| 113|0x0000000089900000, 0x0000000089900000, 0x0000000089a00000|  0%| F|  |TAMS 0x0000000089900000, 0x0000000089900000| Untracked 
| 114|0x0000000089a00000, 0x0000000089a00000, 0x0000000089b00000|  0%| F|  |TAMS 0x0000000089a00000, 0x0000000089a00000| Untracked 
| 115|0x0000000089b00000, 0x0000000089b00000, 0x0000000089c00000|  0%| F|  |TAMS 0x0000000089b00000, 0x0000000089b00000| Untracked 
| 116|0x0000000089c00000, 0x0000000089c00000, 0x0000000089d00000|  0%| F|  |TAMS 0x0000000089c00000, 0x0000000089c00000| Untracked 
| 117|0x0000000089d00000, 0x0000000089d7ab98, 0x0000000089e00000| 47%| S|CS|TAMS 0x0000000089d00000, 0x0000000089d00000| Complete 
| 118|0x0000000089e00000, 0x0000000089f00000, 0x0000000089f00000|100%| S|CS|TAMS 0x0000000089e00000, 0x0000000089e00000| Complete 
| 119|0x0000000089f00000, 0x0000000089f00000, 0x000000008a000000|  0%| F|  |TAMS 0x0000000089f00000, 0x0000000089f00000| Untracked 
| 120|0x000000008a000000, 0x000000008a000000, 0x000000008a100000|  0%| F|  |TAMS 0x000000008a000000, 0x000000008a000000| Untracked 
| 121|0x000000008a100000, 0x000000008a100000, 0x000000008a200000|  0%| F|  |TAMS 0x000000008a100000, 0x000000008a100000| Untracked 
| 122|0x000000008a200000, 0x000000008a200000, 0x000000008a300000|  0%| F|  |TAMS 0x000000008a200000, 0x000000008a200000| Untracked 
| 123|0x000000008a300000, 0x000000008a300000, 0x000000008a400000|  0%| F|  |TAMS 0x000000008a300000, 0x000000008a300000| Untracked 
| 124|0x000000008a400000, 0x000000008a400000, 0x000000008a500000|  0%| F|  |TAMS 0x000000008a400000, 0x000000008a400000| Untracked 
| 125|0x000000008a500000, 0x000000008a500000, 0x000000008a600000|  0%| F|  |TAMS 0x000000008a500000, 0x000000008a500000| Untracked 

Card table byte_map: [0x00000273f1c30000,0x00000273f2020000] _byte_map_base: 0x00000273f181c000

Marking Bits (Prev, Next): (CMBitMap*) 0x00000273da21f868, (CMBitMap*) 0x00000273da21f8a0
 Prev Bits: [0x00000273f2410000, 0x00000273f4370000)
 Next Bits: [0x00000273f4370000, 0x00000273f62d0000)

Polling page: 0x00000273d81c0000

Metaspace:

Usage:
  Non-class:      8.96 MB capacity,     8.86 MB ( 99%) used,    80.06 KB ( <1%) free+waste,    29.44 KB ( <1%) overhead. 
      Class:      1.16 MB capacity,     1.00 MB ( 86%) used,   144.73 KB ( 12%) free+waste,    17.13 KB (  1%) overhead. 
       Both:     10.12 MB capacity,     9.86 MB ( 97%) used,   224.80 KB (  2%) free+waste,    46.56 KB ( <1%) overhead. 

Virtual space:
  Non-class space:       18.00 MB reserved,       9.00 MB ( 50%) committed 
      Class space:        1.00 GB reserved,       1.25 MB ( <1%) committed 
             Both:        1.02 GB reserved,      10.25 MB ( <1%) committed 

Chunk freelists:
   Non-Class:  4.50 KB
       Class:  0 bytes
        Both:  4.50 KB

CodeHeap 'non-profiled nmethods': size=120000Kb used=163Kb max_used=163Kb free=119836Kb
 bounds [0x00000273e9fe0000, 0x00000273ea250000, 0x00000273f1510000]
CodeHeap 'profiled nmethods': size=120000Kb used=936Kb max_used=936Kb free=119063Kb
 bounds [0x00000273e2ab0000, 0x00000273e2d20000, 0x00000273e9fe0000]
CodeHeap 'non-nmethods': size=5760Kb used=1112Kb max_used=1123Kb free=4647Kb
 bounds [0x00000273e2510000, 0x00000273e2780000, 0x00000273e2ab0000]
 total_blobs=1099 nmethods=569 adapters=341
 compilation: enabled
              stopped_count=0, restarted_count=0
 full_count=0

Compilation events (10 events):
Event: 0.990 Thread 0x00000273f8d42000  537       3       java.util.Hashtable$Entry::<init> (26 bytes)
Event: 0.990 Thread 0x00000273f8d42000 nmethod 537 0x00000273e2b84f90 code [0x00000273e2b85160, 0x00000273e2b85438]
Event: 0.990 Thread 0x00000273f8d42000  538       3       java.lang.invoke.MethodTypeForm::cachedLambdaForm (44 bytes)
Event: 0.990 Thread 0x00000273f8d42000 nmethod 538 0x00000273e2b85510 code [0x00000273e2b856e0, 0x00000273e2b85a90]
Event: 0.990 Thread 0x00000273f8d42000  539       3       java.lang.invoke.MethodHandleNatives::refKindIsField (32 bytes)
Event: 0.991 Thread 0x00000273f8d42000 nmethod 539 0x00000273e2b85b90 code [0x00000273e2b85d40, 0x00000273e2b85ef8]
Event: 0.992 Thread 0x00000273f8d42000  541       3       java.lang.invoke.BootstrapMethodInvoker::maybeReBox (28 bytes)
Event: 0.992 Thread 0x00000273f8d42000 nmethod 541 0x00000273e2b85f90 code [0x00000273e2b86180, 0x00000273e2b867b8]
Event: 0.992 Thread 0x00000273f8d42000  542       3       sun.invoke.util.VerifyAccess::getClassModifiers (24 bytes)
Event: 0.993 Thread 0x00000273f8d42000 nmethod 542 0x00000273e2b86990 code [0x00000273e2b86b80, 0x00000273e2b86e10]

GC Heap History (0 events):
No events

Deoptimization events (1 events):
Event: 0.286 Thread 0x00000273da1e1000 Uncommon trap: reason=unstable_if action=reinterpret pc=0x00000273e9fe4a74 method=java.lang.String.hashCode()I @ 14 c2

Classes redefined (0 events):
No events

Internal exceptions (10 events):
Event: 0.660 Thread 0x00000273da1e1000 Exception <a 'java/lang/NoSuchMethodError'{0x000000008a369088}: java.lang.invoke.DirectMethodHandle$Holder.invokeSpecial(Ljava/lang/Object;Ljava/lang/Object;IILjava/lang/Object;Ljava/lang/Object;Ljava/lang/Object;)Ljava/lang/Object;> (0x000000008a369088) 
Event: 0.661 Thread 0x00000273da1e1000 Exception <a 'java/lang/NoSuchMethodError'{0x000000008a36c610}: java.lang.invoke.DelegatingMethodHandle$Holder.reinvoke_L(Ljava/lang/Object;IILjava/lang/Object;Ljava/lang/Object;Ljava/lang/Object;)Ljava/lang/Object;> (0x000000008a36c610) thrown at [t:/wor
Event: 0.663 Thread 0x00000273da1e1000 Exception <a 'java/lang/NoSuchMethodError'{0x000000008a3706f0}: java.lang.invoke.DirectMethodHandle$Holder.invokeStatic(Ljava/lang/Object;Ljava/lang/Object;Ljava/lang/Object;Ljava/lang/Object;I)Ljava/lang/Object;> (0x000000008a3706f0) thrown at [t:/worksp
Event: 0.696 Thread 0x00000273da1e1000 Exception <a 'java/io/FileNotFoundException'{0x000000008a3d34d8}> (0x000000008a3d34d8) thrown at [t:/workspace/open/src/hotspot/share/prims/jni.cpp, line 615]
Event: 0.885 Thread 0x00000273f9bb9000 Exception <a 'java/lang/NoSuchMethodError'{0x000000008a280968}: java.lang.invoke.DirectMethodHandle$Holder.invokeSpecial(Ljava/lang/Object;Ljava/lang/Object;)V> (0x000000008a280968) thrown at [t:/workspace/open/src/hotspot/share/interpreter/linkResolver.c
Event: 0.894 Thread 0x00000273da1e1000 Exception <a 'java/lang/NoSuchMethodError'{0x000000008a105450}: java.lang.invoke.DirectMethodHandle$Holder.invokeStatic(Ljava/lang/Object;Ljava/lang/Object;Ljava/lang/Object;Ljava/lang/Object;Ljava/lang/Object;Ljava/lang/Object;Ljava/lang/Object;Ljava/lan
Event: 0.897 Thread 0x00000273da1e1000 Exception <a 'java/lang/NoSuchMethodError'{0x000000008a11f3a8}: java.lang.invoke.DirectMethodHandle$Holder.invokeStatic(Ljava/lang/Object;Ljava/lang/Object;Ljava/lang/Object;Ljava/lang/Object;Ljava/lang/Object;Ljava/lang/Object;Ljava/lang/Object;Ljava/lan
Event: 0.978 Thread 0x00000273da1e1000 Exception <a 'java/lang/NoSuchMethodError'{0x000000008a037018}: java.lang.invoke.DirectMethodHandle$Holder.invokeStatic(Ljava/lang/Object;ILjava/lang/Object;Ljava/lang/Object;Ljava/lang/Object;Ljava/lang/Object;)Ljava/lang/Object;> (0x000000008a037018) th
Event: 0.978 Thread 0x00000273da1e1000 Exception <a 'java/lang/NoSuchMethodError'{0x000000008a03e0d8}: java.lang.invoke.DirectMethodHandle$Holder.invokeStatic(Ljava/lang/Object;ILjava/lang/Object;Ljava/lang/Object;Ljava/lang/Object;)Ljava/lang/Object;> (0x000000008a03e0d8) thrown at [t:/worksp
Event: 0.979 Thread 0x00000273da1e1000 Exception <a 'java/lang/NoSuchMethodError'{0x000000008a041c18}: java.lang.invoke.DirectMethodHandle$Holder.invokeSpecial(Ljava/lang/Object;Ljava/lang/Object;ILjava/lang/Object;Ljava/lang/Object;Ljava/lang/Object;)Ljava/lang/Object;> (0x000000008a041c18) t

Events (10 events):
Event: 0.976 loading class javax/swing/border/EmptyBorder done
Event: 0.976 loading class javax/swing/plaf/BorderUIResource$EmptyBorderUIResource done
Event: 0.979 loading class javax/swing/plaf/basic/BasicLookAndFeel$2
Event: 0.980 loading class javax/swing/plaf/basic/BasicLookAndFeel$2 done
Event: 0.982 loading class javax/swing/plaf/DimensionUIResource
Event: 0.982 loading class javax/swing/plaf/DimensionUIResource done
Event: 0.985 loading class javax/swing/UIDefaults$LazyInputMap
Event: 0.986 loading class javax/swing/UIDefaults$LazyInputMap done
Event: 0.988 loading class java/lang/Character$CharacterCache
Event: 0.988 loading class java/lang/Character$CharacterCache done


Dynamic libraries:
0x00007ff6a65d0000 - 0x00007ff6a6617000 	C:\Program Files\Java\jdk-11.0.2\bin\java.exe
0x00007ffd6fe00000 - 0x00007ffd6fff0000 	C:\WINDOWS\SYSTEM32\ntdll.dll
0x00007ffd6f360000 - 0x00007ffd6f412000 	C:\WINDOWS\System32\KERNEL32.DLL
0x00007ffd6cf80000 - 0x00007ffd6d223000 	C:\WINDOWS\System32\KERNELBASE.dll
0x00007ffd6f480000 - 0x00007ffd6f523000 	C:\WINDOWS\System32\ADVAPI32.dll
0x00007ffd6eb80000 - 0x00007ffd6ec1e000 	C:\WINDOWS\System32\msvcrt.dll
0x00007ffd6f2c0000 - 0x00007ffd6f357000 	C:\WINDOWS\System32\sechost.dll
0x00007ffd6ece0000 - 0x00007ffd6ee00000 	C:\WINDOWS\System32\RPCRT4.dll
0x00007ffd6f530000 - 0x00007ffd6f6c4000 	C:\WINDOWS\System32\USER32.dll
0x00007ffd6dac0000 - 0x00007ffd6dae1000 	C:\WINDOWS\System32\win32u.dll
0x00007ffd6f850000 - 0x00007ffd6f876000 	C:\WINDOWS\System32\GDI32.dll
0x00007ffd6cde0000 - 0x00007ffd6cf74000 	C:\WINDOWS\System32\gdi32full.dll
0x00007ffd6daf0000 - 0x00007ffd6db8e000 	C:\WINDOWS\System32\msvcp_win.dll
0x00007ffd6ddb0000 - 0x00007ffd6deaa000 	C:\WINDOWS\System32\ucrtbase.dll
0x00007ffd5ffc0000 - 0x00007ffd60245000 	C:\WINDOWS\WinSxS\amd64_microsoft.windows.common-controls_6595b64144ccf1df_6.0.18362.720_none_e6beb5c51314836b\COMCTL32.dll
0x00007ffd644b0000 - 0x00007ffd644ba000 	C:\WINDOWS\SYSTEM32\VERSION.dll
0x00007ffd6ee00000 - 0x00007ffd6f136000 	C:\WINDOWS\System32\combase.dll
0x00007ffd6db90000 - 0x00007ffd6dc10000 	C:\WINDOWS\System32\bcryptPrimitives.dll
0x00007ffd6deb0000 - 0x00007ffd6dede000 	C:\WINDOWS\System32\IMM32.DLL
0x00007ffd63fc0000 - 0x00007ffd63fd6000 	C:\Program Files\Java\jdk-11.0.2\bin\vcruntime140.dll
0x00007ffd32f20000 - 0x00007ffd32fca000 	C:\Program Files\Java\jdk-11.0.2\bin\msvcp140.dll
0x00007ffce9a70000 - 0x00007ffcea597000 	C:\Program Files\Java\jdk-11.0.2\bin\server\jvm.dll
0x00007ffd6ecd0000 - 0x00007ffd6ecd8000 	C:\WINDOWS\System32\PSAPI.DLL
0x00007ffd608f0000 - 0x00007ffd608f9000 	C:\WINDOWS\SYSTEM32\WSOCK32.dll
0x00007ffd60500000 - 0x00007ffd60524000 	C:\WINDOWS\SYSTEM32\WINMM.dll
0x00007ffd6f150000 - 0x00007ffd6f1bf000 	C:\WINDOWS\System32\WS2_32.dll
0x00007ffd604d0000 - 0x00007ffd604fd000 	C:\WINDOWS\SYSTEM32\winmmbase.dll
0x00007ffd6cd90000 - 0x00007ffd6cdda000 	C:\WINDOWS\System32\cfgmgr32.dll
0x00007ffd6ccd0000 - 0x00007ffd6cce1000 	C:\WINDOWS\System32\kernel.appcore.dll
0x00007ffd5e6c0000 - 0x00007ffd5e6d1000 	C:\Program Files\Java\jdk-11.0.2\bin\verify.dll
0x00007ffd6b5d0000 - 0x00007ffd6b7c4000 	C:\WINDOWS\SYSTEM32\DBGHELP.DLL
0x00007ffd64830000 - 0x00007ffd6485a000 	C:\WINDOWS\SYSTEM32\dbgcore.DLL
0x00007ffd5ab90000 - 0x00007ffd5abb9000 	C:\Program Files\Java\jdk-11.0.2\bin\java.dll
0x00007ffd5d140000 - 0x00007ffd5d156000 	C:\Program Files\Java\jdk-11.0.2\bin\zip.dll
0x00007ffd67b00000 - 0x00007ffd67b0a000 	C:\Program Files\Java\jdk-11.0.2\bin\jimage.dll
0x00007ffd6e420000 - 0x00007ffd6eb05000 	C:\WINDOWS\System32\SHELL32.dll
0x00007ffd6ec20000 - 0x00007ffd6ecc9000 	C:\WINDOWS\System32\shcore.dll
0x00007ffd6d290000 - 0x00007ffd6da10000 	C:\WINDOWS\System32\windows.storage.dll
0x00007ffd6cd40000 - 0x00007ffd6cd63000 	C:\WINDOWS\System32\profapi.dll
0x00007ffd6ccf0000 - 0x00007ffd6cd3a000 	C:\WINDOWS\System32\powrprof.dll
0x00007ffd6ccc0000 - 0x00007ffd6ccd0000 	C:\WINDOWS\System32\UMPDC.dll
0x00007ffd6dee0000 - 0x00007ffd6df32000 	C:\WINDOWS\System32\shlwapi.dll
0x00007ffd6dd90000 - 0x00007ffd6dda7000 	C:\WINDOWS\System32\cryptsp.dll
0x00007ffd16480000 - 0x00007ffd1661f000 	C:\Program Files\Java\jdk-11.0.2\bin\awt.dll
0x00007ffd6fcf0000 - 0x00007ffd6fdb4000 	C:\WINDOWS\System32\OLEAUT32.dll
0x00007ffd68420000 - 0x00007ffd689e0000 	C:\WINDOWS\SYSTEM32\d2d1.dll
0x00007ffd69dc0000 - 0x00007ffd69e4f000 	C:\WINDOWS\SYSTEM32\apphelp.dll
0x00007ffd6b0b0000 - 0x00007ffd6b0dd000 	C:\WINDOWS\system32\DWMAPI.DLL
0x00007ffd69eb0000 - 0x00007ffd69f49000 	C:\WINDOWS\system32\uxtheme.dll
0x00007ffd52370000 - 0x00007ffd524c6000 	C:\WINDOWS\system32\opengl32.dll
0x00007ffd66100000 - 0x00007ffd6612c000 	C:\WINDOWS\SYSTEM32\GLU32.dll
0x00007ffd6b930000 - 0x00007ffd6b950000 	C:\WINDOWS\SYSTEM32\dxcore.dll
0x00007ffd6e0f0000 - 0x00007ffd6e226000 	C:\WINDOWS\System32\MSCTF.dll
0x00007ffd6f6f0000 - 0x00007ffd6f847000 	C:\WINDOWS\System32\ole32.dll

dbghelp: loaded successfully - version: 4.0.5 - missing functions: none
symbol engine: initialized successfully - sym options: 0x614 - pdb path: .;C:\Program Files\Java\jdk-11.0.2\bin;C:\WINDOWS\SYSTEM32;C:\WINDOWS\WinSxS\amd64_microsoft.windows.common-controls_6595b64144ccf1df_6.0.18362.720_none_e6beb5c51314836b;C:\Program Files\Java\jdk-11.0.2\bin\server

VM Arguments:
java_command: main
java_class_path (initial): C:\Users\Nirma Sajid\Desktop\GUI project\GUI.DB.assignment\target\classes
Launcher Type: SUN_STANDARD

[Global flags]
     intx CICompilerCount                          = 4                                         {product} {ergonomic}
     uint ConcGCThreads                            = 2                                         {product} {ergonomic}
     uint G1ConcRefinementThreads                  = 8                                         {product} {ergonomic}
   size_t G1HeapRegionSize                         = 1048576                                   {product} {ergonomic}
    uintx GCDrainStackTargetSize                   = 64                                        {product} {ergonomic}
   size_t InitialHeapSize                          = 132120576                                 {product} {ergonomic}
   size_t MarkStackSize                            = 4194304                                   {product} {ergonomic}
   size_t MaxHeapSize                              = 2105540608                                {product} {ergonomic}
   size_t MaxNewSize                               = 1262485504                                {product} {ergonomic}
   size_t MinHeapDeltaBytes                        = 1048576                                   {product} {ergonomic}
    uintx NonNMethodCodeHeapSize                   = 5835340                                {pd product} {ergonomic}
    uintx NonProfiledCodeHeapSize                  = 122911450                              {pd product} {ergonomic}
    uintx ProfiledCodeHeapSize                     = 122911450                              {pd product} {ergonomic}
    uintx ReservedCodeCacheSize                    = 251658240                              {pd product} {ergonomic}
     bool SegmentedCodeCache                       = true                                      {product} {ergonomic}
     bool UseCompressedClassPointers               = true                                 {lp64_product} {ergonomic}
     bool UseCompressedOops                        = true                                 {lp64_product} {ergonomic}
     bool UseG1GC                                  = true                                      {product} {ergonomic}
     bool UseLargePagesIndividualAllocation        = false                                  {pd product} {ergonomic}

Logging:
Log output configuration:
 #0: stdout all=warning uptime,level,tags
 #1: stderr all=off uptime,level,tags

Environment Variables:
JAVA_HOME=C:\Program Files\Java\jdk-11.0.2
PATH=C:\Program Files\Java\jdk-11.0.2\bin;C:\WINDOWS\system32;C:\WINDOWS;C:\WINDOWS\System32\Wbem;C:\WINDOWS\System32\WindowsPowerShell\v1.0\;C:\WINDOWS\System32\OpenSSH\;C:\Users\Nirma Sajid\AppData\Local\Microsoft\WindowsApps
USERNAME=Nimra Sajid
OS=Windows_NT
PROCESSOR_IDENTIFIER=Intel64 Family 6 Model 142 Stepping 10, GenuineIntel



---------------  S Y S T E M  ---------------

OS: Windows 10 , 64 bit Build 18362 (10.0.18362.329)

CPU:total 8 (initial active 8) (4 cores per cpu, 2 threads per core) family 6 model 142 stepping 10, cmov, cx8, fxsr, mmx, sse, sse2, sse3, ssse3, sse4.1, sse4.2, popcnt, avx, avx2, aes, clmul, erms, 3dnowpref, lzcnt, ht, tsc, tscinvbit, bmi1, bmi2, adx, fma

Memory: 4k page, system-wide physical 8026M (682M free)
TotalPageFile size 32602M (AvailPageFile size 0M)
current process WorkingSet (physical memory assigned to process): 55M, peak: 55M
current process commit charge ("private bytes"): 215M, peak: 216M

vm_info: Java HotSpot(TM) 64-Bit Server VM (11.0.2+9-LTS) for windows-amd64 JRE (11.0.2+9-LTS), built on Jan 18 2019 05:24:10 by "mach5one" with MS VC++ 15.5 (VS2017)

END.
